# JRE version: Java(TM) SE Runtime Environment (8.0_65-b17) (build 1.8.0_65-b17)
# Java VM: Java HotSpot(TM) 64-Bit Server VM (25.65-b01 mixed mode windows-amd64 compressed oops)
Heap:
 PSYoungGen      total 326656K, used 11294K [0x000000076af00000, 0x0000000780180000, 0x00000007c0000000)
  eden space 307712K, 0% used [0x000000076af00000,0x000000076af00000,0x000000077db80000)
  from space 18944K, 59% used [0x000000077ef00000,0x000000077fa07948,0x0000000780180000)
  to   space 19456K, 0% used [0x000000077db80000,0x000000077db80000,0x000000077ee80000)
 ParOldGen       total 191488K, used 45500K [0x00000006c0c00000, 0x00000006cc700000, 0x000000076af00000)
  object space 191488K, 23% used [0x00000006c0c00000,0x00000006c386f168,0x00000006cc700000)
 Metaspace       used 83212K, capacity 87284K, committed 87552K, reserved 1128448K
  class space    used 8659K, capacity 9364K, committed 9472K, reserved 1048576K
GC Heap History (10 events):
Event: 18516.004 GC heap after
Heap after GC invocations=282 (full 8):
 PSYoungGen      total 293888K, used 12125K [0x000000076af00000, 0x000000077eb00000, 0x00000007c0000000)
  eden space 277504K, 0% used [0x000000076af00000,0x000000076af00000,0x000000077be00000)
  from space 16384K, 74% used [0x000000077cf00000,0x000000077dad7440,0x000000077df00000)
  to   space 17408K, 0% used [0x000000077be00000,0x000000077be00000,0x000000077cf00000)
 ParOldGen       total 191488K, used 45484K [0x00000006c0c00000, 0x00000006cc700000, 0x000000076af00000)
  object space 191488K, 23% used [0x00000006c0c00000,0x00000006c386b168,0x00000006cc700000)
 Metaspace       used 82610K, capacity 86664K, committed 86912K, reserved 1126400K
  class space    used 8627K, capacity 9344K, committed 9344K, reserved 1048576K
}
Event: 18657.118 GC heap before
{Heap before GC invocations=283 (full 8):
 PSYoungGen      total 293888K, used 289629K [0x000000076af00000, 0x000000077eb00000, 0x00000007c0000000)
  eden space 277504K, 100% used [0x000000076af00000,0x000000077be00000,0x000000077be00000)
  from space 16384K, 74% used [0x000000077cf00000,0x000000077dad7440,0x000000077df00000)
  to   space 17408K, 0% used [0x000000077be00000,0x000000077be00000,0x000000077cf00000)
 ParOldGen       total 191488K, used 45484K [0x00000006c0c00000, 0x00000006cc700000, 0x000000076af00000)
  object space 191488K, 23% used [0x00000006c0c00000,0x00000006c386b168,0x00000006cc700000)
 Metaspace       used 83210K, capacity 87278K, committed 87552K, reserved 1128448K
  class space    used 8658K, capacity 9362K, committed 9472K, reserved 1048576K
Event: 18657.122 GC heap after
Heap after GC invocations=283 (full 8):
 PSYoungGen      total 294912K, used 13527K [0x000000076af00000, 0x000000077f500000, 0x00000007c0000000)
  eden space 277504K, 0% used [0x000000076af00000,0x000000076af00000,0x000000077be00000)
  from space 17408K, 77% used [0x000000077be00000,0x000000077cb35c80,0x000000077cf00000)
  to   space 18432K, 0% used [0x000000077e300000,0x000000077e300000,0x000000077f500000)
 ParOldGen       total 191488K, used 45492K [0x00000006c0c00000, 0x00000006cc700000, 0x000000076af00000)
  object space 191488K, 23% used [0x00000006c0c00000,0x00000006c386d168,0x00000006cc700000)
 Metaspace       used 83210K, capacity 87278K, committed 87552K, reserved 1128448K
  class space    used 8658K, capacity 9362K, committed 9472K, reserved 1048576K
}
Event: 18856.864 GC heap before
{Heap before GC invocations=284 (full 8):
 PSYoungGen      total 294912K, used 291031K [0x000000076af00000, 0x000000077f500000, 0x00000007c0000000)
  eden space 277504K, 100% used [0x000000076af00000,0x000000077be00000,0x000000077be00000)
  from space 17408K, 77% used [0x000000077be00000,0x000000077cb35c80,0x000000077cf00000)
  to   space 18432K, 0% used [0x000000077e300000,0x000000077e300000,0x000000077f500000)
 ParOldGen       total 191488K, used 45492K [0x00000006c0c00000, 0x00000006cc700000, 0x000000076af00000)
  object space 191488K, 23% used [0x00000006c0c00000,0x00000006c386d168,0x00000006cc700000)
 Metaspace       used 83210K, capacity 87278K, committed 87552K, reserved 1128448K
  class space    used 8658K, capacity 9362K, committed 9472K, reserved 1048576K
Event: 18856.869 GC heap after
Heap after GC invocations=284 (full 8):
 PSYoungGen      total 311296K, used 13303K [0x000000076af00000, 0x000000077f400000, 0x00000007c0000000)
  eden space 293888K, 0% used [0x000000076af00000,0x000000076af00000,0x000000077ce00000)
  from space 17408K, 76% used [0x000000077e300000,0x000000077effdc80,0x000000077f400000)
  to   space 19456K, 0% used [0x000000077ce00000,0x000000077ce00000,0x000000077e100000)
 ParOldGen       total 191488K, used 45492K [0x00000006c0c00000, 0x00000006cc700000, 0x000000076af00000)
  object space 191488K, 23% used [0x00000006c0c00000,0x00000006c386d168,0x00000006cc700000)
 Metaspace       used 83210K, capacity 87278K, committed 87552K, reserved 1128448K
  class space    used 8658K, capacity 9362K, committed 9472K, reserved 1048576K
}
Event: 19049.574 GC heap before
{Heap before GC invocations=285 (full 8):
 PSYoungGen      total 311296K, used 307191K [0x000000076af00000, 0x000000077f400000, 0x00000007c0000000)
  eden space 293888K, 100% used [0x000000076af00000,0x000000077ce00000,0x000000077ce00000)
  from space 17408K, 76% used [0x000000077e300000,0x000000077effdc80,0x000000077f400000)
  to   space 19456K, 0% used [0x000000077ce00000,0x000000077ce00000,0x000000077e100000)
 ParOldGen       total 191488K, used 45492K [0x00000006c0c00000, 0x00000006cc700000, 0x000000076af00000)
  object space 191488K, 23% used [0x00000006c0c00000,0x00000006c386d168,0x00000006cc700000)
 Metaspace       used 83210K, capacity 87278K, committed 87552K, reserved 1128448K
  class space    used 8658K, capacity 9362K, committed 9472K, reserved 1048576K
Event: 19049.578 GC heap after
Heap after GC invocations=285 (full 8):
 PSYoungGen      total 313344K, used 13511K [0x000000076af00000, 0x0000000780280000, 0x00000007c0000000)
  eden space 293888K, 0% used [0x000000076af00000,0x000000076af00000,0x000000077ce00000)
  from space 19456K, 69% used [0x000000077ce00000,0x000000077db31c48,0x000000077e100000)
  to   space 19968K, 0% used [0x000000077ef00000,0x000000077ef00000,0x0000000780280000)
 ParOldGen       total 191488K, used 45500K [0x00000006c0c00000, 0x00000006cc700000, 0x000000076af00000)
  object space 191488K, 23% used [0x00000006c0c00000,0x00000006c386f168,0x00000006cc700000)
 Metaspace       used 83210K, capacity 87278K, committed 87552K, reserved 1128448K
  class space    used 8658K, capacity 9362K, committed 9472K, reserved 1048576K
}
Event: 19082.415 GC heap before
{Heap before GC invocations=286 (full 8):
 PSYoungGen      total 313344K, used 65236K [0x000000076af00000, 0x0000000780280000, 0x00000007c0000000)
  eden space 293888K, 17% used [0x000000076af00000,0x000000076e1833e8,0x000000077ce00000)
  from space 19456K, 69% used [0x000000077ce00000,0x000000077db31c48,0x000000077e100000)
  to   space 19968K, 0% used [0x000000077ef00000,0x000000077ef00000,0x0000000780280000)
 ParOldGen       total 191488K, used 45500K [0x00000006c0c00000, 0x00000006cc700000, 0x000000076af00000)
  object space 191488K, 23% used [0x00000006c0c00000,0x00000006c386f168,0x00000006cc700000)
 Metaspace       used 83212K, capacity 87284K, committed 87552K, reserved 1128448K
  class space    used 8659K, capacity 9364K, committed 9472K, reserved 1048576K
Event: 19082.423 GC heap after
Heap after GC invocations=286 (full 8):
 PSYoungGen      total 326656K, used 11294K [0x000000076af00000, 0x0000000780180000, 0x00000007c0000000)
  eden space 307712K, 0% used [0x000000076af00000,0x000000076af00000,0x000000077db80000)
  from space 18944K, 59% used [0x000000077ef00000,0x000000077fa07948,0x0000000780180000)
  to   space 19456K, 0% used [0x000000077db80000,0x000000077db80000,0x000000077ee80000)
 ParOldGen       total 191488K, used 45500K [0x00000006c0c00000, 0x00000006cc700000, 0x000000076af00000)
  object space 191488K, 23% used [0x00000006c0c00000,0x00000006c386f168,0x00000006cc700000)
 Metaspace       used 83212K, capacity 87284K, committed 87552K, reserved 1128448K
  class space    used 8659K, capacity 9364K, committed 9472K, reserved 1048576K
}
Event: 19082.423 GC heap before
{Heap before GC invocations=287 (full 9):
 PSYoungGen      total 326656K, used 11294K [0x000000076af00000, 0x0000000780180000, 0x00000007c0000000)
  eden space 307712K, 0% used [0x000000076af00000,0x000000076af00000,0x000000077db80000)
  from space 18944K, 59% used [0x000000077ef00000,0x000000077fa07948,0x0000000780180000)
  to   space 19456K, 0% used [0x000000077db80000,0x000000077db80000,0x000000077ee80000)
 ParOldGen       total 191488K, used 45500K [0x00000006c0c00000, 0x00000006cc700000, 0x000000076af00000)
  object space 191488K, 23% used [0x00000006c0c00000,0x00000006c386f168,0x00000006cc700000)
 Metaspace       used 83212K, capacity 87284K, committed 87552K, reserved 1128448K
  class space    used 8659K, capacity 9364K, committed 9472K, reserved 1048576K

