# JRE version: Java(TM) SE Runtime Environment (8.0_65-b17) (build 1.8.0_65-b17)
# Java VM: Java HotSpot(TM) 64-Bit Server VM (25.65-b01 mixed mode windows-amd64 compressed oops)
Heap:
 PSYoungGen      total 188928K, used 89114K [0x000000076af00000, 0x0000000777980000, 0x00000007c0000000)
  eden space 176640K, 43% used [0x000000076af00000,0x000000076fa667f8,0x0000000775b80000)
  from space 12288K, 96% used [0x0000000776400000,0x0000000776fa03c0,0x0000000777000000)
  to   space 9728K, 0% used [0x0000000777000000,0x0000000777000000,0x0000000777980000)
 ParOldGen       total 221184K, used 107646K [0x00000006c0c00000, 0x00000006ce400000, 0x000000076af00000)
  object space 221184K, 48% used [0x00000006c0c00000,0x00000006c751f860,0x00000006ce400000)
 Metaspace       used 156743K, capacity 163302K, committed 163584K, reserved 1198080K
  class space    used 13267K, capacity 14543K, committed 14592K, reserved 1048576K
GC Heap History (10 events):
Event: 8850.010 GC heap before
{Heap before GC invocations=257 (full 24):
 PSYoungGen      total 211968K, used 211486K [0x000000076af00000, 0x0000000779380000, 0x00000007c0000000)
  eden space 199680K, 100% used [0x000000076af00000,0x0000000777200000,0x0000000777200000)
  from space 12288K, 96% used [0x0000000778780000,0x0000000779307ab0,0x0000000779380000)
  to   space 15872K, 0% used [0x0000000777480000,0x0000000777480000,0x0000000778400000)
 ParOldGen       total 221184K, used 106086K [0x00000006c0c00000, 0x00000006ce400000, 0x000000076af00000)
  object space 221184K, 47% used [0x00000006c0c00000,0x00000006c7399860,0x00000006ce400000)
 Metaspace       used 156268K, capacity 162892K, committed 163072K, reserved 1198080K
  class space    used 13238K, capacity 14527K, committed 14592K, reserved 1048576K
Event: 8850.016 GC heap after
Heap after GC invocations=257 (full 24):
 PSYoungGen      total 206848K, used 11902K [0x000000076af00000, 0x0000000778c00000, 0x00000007c0000000)
  eden space 194560K, 0% used [0x000000076af00000,0x000000076af00000,0x0000000776d00000)
  from space 12288K, 96% used [0x0000000777480000,0x000000077801fab0,0x0000000778080000)
  to   space 11776K, 0% used [0x0000000778080000,0x0000000778080000,0x0000000778c00000)
 ParOldGen       total 221184K, used 106086K [0x00000006c0c00000, 0x00000006ce400000, 0x000000076af00000)
  object space 221184K, 47% used [0x00000006c0c00000,0x00000006c7399860,0x00000006ce400000)
 Metaspace       used 156268K, capacity 162892K, committed 163072K, reserved 1198080K
  class space    used 13238K, capacity 14527K, committed 14592K, reserved 1048576K
}
Event: 8920.831 GC heap before
{Heap before GC invocations=258 (full 24):
 PSYoungGen      total 206848K, used 206462K [0x000000076af00000, 0x0000000778c00000, 0x00000007c0000000)
  eden space 194560K, 100% used [0x000000076af00000,0x0000000776d00000,0x0000000776d00000)
  from space 12288K, 96% used [0x0000000777480000,0x000000077801fab0,0x0000000778080000)
  to   space 11776K, 0% used [0x0000000778080000,0x0000000778080000,0x0000000778c00000)
 ParOldGen       total 221184K, used 106086K [0x00000006c0c00000, 0x00000006ce400000, 0x000000076af00000)
  object space 221184K, 47% used [0x00000006c0c00000,0x00000006c7399860,0x00000006ce400000)
 Metaspace       used 156268K, capacity 162892K, committed 163072K, reserved 1198080K
  class space    used 13238K, capacity 14527K, committed 14592K, reserved 1048576K
Event: 8920.839 GC heap after
Heap after GC invocations=258 (full 24):
 PSYoungGen      total 201728K, used 11774K [0x000000076af00000, 0x0000000778c00000, 0x00000007c0000000)
  eden space 189952K, 0% used [0x000000076af00000,0x000000076af00000,0x0000000776880000)
  from space 11776K, 99% used [0x0000000778080000,0x0000000778bffab0,0x0000000778c00000)
  to   space 15872K, 0% used [0x0000000776d00000,0x0000000776d00000,0x0000000777c80000)
 ParOldGen       total 221184K, used 106134K [0x00000006c0c00000, 0x00000006ce400000, 0x000000076af00000)
  object space 221184K, 47% used [0x00000006c0c00000,0x00000006c73a5860,0x00000006ce400000)
 Metaspace       used 156268K, capacity 162892K, committed 163072K, reserved 1198080K
  class space    used 13238K, capacity 14527K, committed 14592K, reserved 1048576K
}
Event: 8989.526 GC heap before
{Heap before GC invocations=259 (full 24):
 PSYoungGen      total 201728K, used 201726K [0x000000076af00000, 0x0000000778c00000, 0x00000007c0000000)
  eden space 189952K, 100% used [0x000000076af00000,0x0000000776880000,0x0000000776880000)
  from space 11776K, 99% used [0x0000000778080000,0x0000000778bffab0,0x0000000778c00000)
  to   space 15872K, 0% used [0x0000000776d00000,0x0000000776d00000,0x0000000777c80000)
 ParOldGen       total 221184K, used 106134K [0x00000006c0c00000, 0x00000006ce400000, 0x000000076af00000)
  object space 221184K, 47% used [0x00000006c0c00000,0x00000006c73a5860,0x00000006ce400000)
 Metaspace       used 156268K, capacity 162892K, committed 163072K, reserved 1198080K
  class space    used 13238K, capacity 14527K, committed 14592K, reserved 1048576K
Event: 8989.532 GC heap after
Heap after GC invocations=259 (full 24):
 PSYoungGen      total 197632K, used 11806K [0x000000076af00000, 0x0000000778300000, 0x00000007c0000000)
  eden space 185344K, 0% used [0x000000076af00000,0x000000076af00000,0x0000000776400000)
  from space 12288K, 96% used [0x0000000776d00000,0x0000000777887ab0,0x0000000777900000)
  to   space 10240K, 0% used [0x0000000777900000,0x0000000777900000,0x0000000778300000)
 ParOldGen       total 221184K, used 106134K [0x00000006c0c00000, 0x00000006ce400000, 0x000000076af00000)
  object space 221184K, 47% used [0x00000006c0c00000,0x00000006c73a5860,0x00000006ce400000)
 Metaspace       used 156268K, capacity 162892K, committed 163072K, reserved 1198080K
  class space    used 13238K, capacity 14527K, committed 14592K, reserved 1048576K
}
Event: 9057.089 GC heap before
{Heap before GC invocations=260 (full 24):
 PSYoungGen      total 197632K, used 197150K [0x000000076af00000, 0x0000000778300000, 0x00000007c0000000)
  eden space 185344K, 100% used [0x000000076af00000,0x0000000776400000,0x0000000776400000)
  from space 12288K, 96% used [0x0000000776d00000,0x0000000777887ab0,0x0000000777900000)
  to   space 10240K, 0% used [0x0000000777900000,0x0000000777900000,0x0000000778300000)
 ParOldGen       total 221184K, used 106134K [0x00000006c0c00000, 0x00000006ce400000, 0x000000076af00000)
  object space 221184K, 47% used [0x00000006c0c00000,0x00000006c73a5860,0x00000006ce400000)
 Metaspace       used 156268K, capacity 162892K, committed 163072K, reserved 1198080K
  class space    used 13238K, capacity 14527K, committed 14592K, reserved 1048576K
Event: 9057.095 GC heap after
Heap after GC invocations=260 (full 24):
 PSYoungGen      total 190976K, used 10238K [0x000000076af00000, 0x0000000778300000, 0x00000007c0000000)
  eden space 180736K, 0% used [0x000000076af00000,0x000000076af00000,0x0000000775f80000)
  from space 10240K, 99% used [0x0000000777900000,0x00000007782ffab0,0x0000000778300000)
  to   space 15872K, 0% used [0x0000000776400000,0x0000000776400000,0x0000000777380000)
 ParOldGen       total 221184K, used 107638K [0x00000006c0c00000, 0x00000006ce400000, 0x000000076af00000)
  object space 221184K, 48% used [0x00000006c0c00000,0x00000006c751d860,0x00000006ce400000)
 Metaspace       used 156268K, capacity 162892K, committed 163072K, reserved 1198080K
  class space    used 13238K, capacity 14527K, committed 14592K, reserved 1048576K
}
Event: 9092.499 GC heap before
{Heap before GC invocations=261 (full 24):
 PSYoungGen      total 190976K, used 190974K [0x000000076af00000, 0x0000000778300000, 0x00000007c0000000)
  eden space 180736K, 100% used [0x000000076af00000,0x0000000775f80000,0x0000000775f80000)
  from space 10240K, 99% used [0x0000000777900000,0x00000007782ffab0,0x0000000778300000)
  to   space 15872K, 0% used [0x0000000776400000,0x0000000776400000,0x0000000777380000)
 ParOldGen       total 221184K, used 107638K [0x00000006c0c00000, 0x00000006ce400000, 0x000000076af00000)
  object space 221184K, 48% used [0x00000006c0c00000,0x00000006c751d860,0x00000006ce400000)
 Metaspace       used 156661K, capacity 163302K, committed 163584K, reserved 1198080K
  class space    used 13259K, capacity 14543K, committed 14592K, reserved 1048576K
Event: 9092.505 GC heap after
Heap after GC invocations=261 (full 24):
 PSYoungGen      total 188928K, used 11904K [0x000000076af00000, 0x0000000777980000, 0x00000007c0000000)
  eden space 176640K, 0% used [0x000000076af00000,0x000000076af00000,0x0000000775b80000)
  from space 12288K, 96% used [0x0000000776400000,0x0000000776fa03c0,0x0000000777000000)
  to   space 9728K, 0% used [0x0000000777000000,0x0000000777000000,0x0000000777980000)
 ParOldGen       total 221184K, used 107646K [0x00000006c0c00000, 0x00000006ce400000, 0x000000076af00000)
  object space 221184K, 48% used [0x00000006c0c00000,0x00000006c751f860,0x00000006ce400000)
 Metaspace       used 156661K, capacity 163302K, committed 163584K, reserved 1198080K
  class space    used 13259K, capacity 14543K, committed 14592K, reserved 1048576K
}

