# JRE version: Java(TM) SE Runtime Environment (8.0_65-b17) (build 1.8.0_65-b17)
# Java VM: Java HotSpot(TM) 64-Bit Server VM (25.65-b01 mixed mode windows-amd64 compressed oops)
Heap:
 PSYoungGen      total 522240K, used 286718K [0x000000076af00000, 0x000000078bf00000, 0x00000007c0000000)
  eden space 505856K, 54% used [0x000000076af00000,0x000000077bb23ab8,0x0000000789d00000)
  from space 16384K, 74% used [0x000000078ad00000,0x000000078b8dbfb8,0x000000078bd00000)
  to   space 16384K, 0% used [0x0000000789d00000,0x0000000789d00000,0x000000078ad00000)
 ParOldGen       total 212992K, used 80085K [0x00000006c0c00000, 0x00000006cdc00000, 0x000000076af00000)
  object space 212992K, 37% used [0x00000006c0c00000,0x00000006c5a354e8,0x00000006cdc00000)
 Metaspace       used 121069K, capacity 126790K, committed 126976K, reserved 1165312K
  class space    used 11020K, capacity 11961K, committed 12032K, reserved 1048576K
GC Heap History (10 events):
Event: 2606.478 GC heap before
{Heap before GC invocations=50 (full 13):
 PSYoungGen      total 507392K, used 10317K [0x000000076af00000, 0x000000078b500000, 0x00000007c0000000)
  eden space 496640K, 0% used [0x000000076af00000,0x000000076af00000,0x0000000789400000)
  from space 10752K, 95% used [0x0000000789800000,0x000000078a213558,0x000000078a280000)
  to   space 16896K, 0% used [0x000000078a480000,0x000000078a480000,0x000000078b500000)
 ParOldGen       total 212992K, used 70883K [0x00000006c0c00000, 0x00000006cdc00000, 0x000000076af00000)
  object space 212992K, 33% used [0x00000006c0c00000,0x00000006c5138d70,0x00000006cdc00000)
 Metaspace       used 111623K, capacity 117186K, committed 117504K, reserved 1155072K
  class space    used 10490K, capacity 11394K, committed 11520K, reserved 1048576K
Event: 2606.701 GC heap after
Heap after GC invocations=50 (full 13):
 PSYoungGen      total 507392K, used 0K [0x000000076af00000, 0x000000078b500000, 0x00000007c0000000)
  eden space 496640K, 0% used [0x000000076af00000,0x000000076af00000,0x0000000789400000)
  from space 10752K, 0% used [0x0000000789800000,0x0000000789800000,0x000000078a280000)
  to   space 16896K, 0% used [0x000000078a480000,0x000000078a480000,0x000000078b500000)
 ParOldGen       total 212992K, used 75501K [0x00000006c0c00000, 0x00000006cdc00000, 0x000000076af00000)
  object space 212992K, 35% used [0x00000006c0c00000,0x00000006c55bb528,0x00000006cdc00000)
 Metaspace       used 111172K, capacity 116466K, committed 117504K, reserved 1155072K
  class space    used 10424K, capacity 11273K, committed 11520K, reserved 1048576K
}
Event: 2610.635 GC heap before
{Heap before GC invocations=51 (full 13):
 PSYoungGen      total 507392K, used 496640K [0x000000076af00000, 0x000000078b500000, 0x00000007c0000000)
  eden space 496640K, 100% used [0x000000076af00000,0x0000000789400000,0x0000000789400000)
  from space 10752K, 0% used [0x0000000789800000,0x0000000789800000,0x000000078a280000)
  to   space 16896K, 0% used [0x000000078a480000,0x000000078a480000,0x000000078b500000)
 ParOldGen       total 212992K, used 75501K [0x00000006c0c00000, 0x00000006cdc00000, 0x000000076af00000)
  object space 212992K, 35% used [0x00000006c0c00000,0x00000006c55bb528,0x00000006cdc00000)
 Metaspace       used 114858K, capacity 120406K, committed 120704K, reserved 1159168K
  class space    used 10675K, capacity 11587K, committed 11648K, reserved 1048576K
Event: 2610.641 GC heap after
Heap after GC invocations=51 (full 13):
 PSYoungGen      total 513536K, used 12223K [0x000000076af00000, 0x000000078be00000, 0x00000007c0000000)
  eden space 496640K, 0% used [0x000000076af00000,0x000000076af00000,0x0000000789400000)
  from space 16896K, 72% used [0x000000078a480000,0x000000078b06fc88,0x000000078b500000)
  to   space 16896K, 0% used [0x0000000789400000,0x0000000789400000,0x000000078a480000)
 ParOldGen       total 212992K, used 75509K [0x00000006c0c00000, 0x00000006cdc00000, 0x000000076af00000)
  object space 212992K, 35% used [0x00000006c0c00000,0x00000006c55bd528,0x00000006cdc00000)
 Metaspace       used 114858K, capacity 120406K, committed 120704K, reserved 1159168K
  class space    used 10675K, capacity 11587K, committed 11648K, reserved 1048576K
}
Event: 2737.939 GC heap before
{Heap before GC invocations=52 (full 13):
 PSYoungGen      total 513536K, used 346632K [0x000000076af00000, 0x000000078be00000, 0x00000007c0000000)
  eden space 496640K, 67% used [0x000000076af00000,0x000000077f592438,0x0000000789400000)
  from space 16896K, 72% used [0x000000078a480000,0x000000078b06fc88,0x000000078b500000)
  to   space 16896K, 0% used [0x0000000789400000,0x0000000789400000,0x000000078a480000)
 ParOldGen       total 212992K, used 75509K [0x00000006c0c00000, 0x00000006cdc00000, 0x000000076af00000)
  object space 212992K, 35% used [0x00000006c0c00000,0x00000006c55bd528,0x00000006cdc00000)
 Metaspace       used 116422K, capacity 122076K, committed 122368K, reserved 1159168K
  class space    used 10758K, capacity 11695K, committed 11776K, reserved 1048576K
Event: 2737.944 GC heap after
Heap after GC invocations=52 (full 13):
 PSYoungGen      total 513536K, used 10349K [0x000000076af00000, 0x000000078bd00000, 0x00000007c0000000)
  eden space 496640K, 0% used [0x000000076af00000,0x000000076af00000,0x0000000789400000)
  from space 16896K, 61% used [0x0000000789400000,0x0000000789e1b538,0x000000078a480000)
  to   space 16384K, 0% used [0x000000078ad00000,0x000000078ad00000,0x000000078bd00000)
 ParOldGen       total 212992K, used 75517K [0x00000006c0c00000, 0x00000006cdc00000, 0x000000076af00000)
  object space 212992K, 35% used [0x00000006c0c00000,0x00000006c55bf528,0x00000006cdc00000)
 Metaspace       used 116422K, capacity 122076K, committed 122368K, reserved 1159168K
  class space    used 10758K, capacity 11695K, committed 11776K, reserved 1048576K
}
Event: 2737.944 GC heap before
{Heap before GC invocations=53 (full 14):
 PSYoungGen      total 513536K, used 10349K [0x000000076af00000, 0x000000078bd00000, 0x00000007c0000000)
  eden space 496640K, 0% used [0x000000076af00000,0x000000076af00000,0x0000000789400000)
  from space 16896K, 61% used [0x0000000789400000,0x0000000789e1b538,0x000000078a480000)
  to   space 16384K, 0% used [0x000000078ad00000,0x000000078ad00000,0x000000078bd00000)
 ParOldGen       total 212992K, used 75517K [0x00000006c0c00000, 0x00000006cdc00000, 0x000000076af00000)
  object space 212992K, 35% used [0x00000006c0c00000,0x00000006c55bf528,0x00000006cdc00000)
 Metaspace       used 116422K, capacity 122076K, committed 122368K, reserved 1159168K
  class space    used 10758K, capacity 11695K, committed 11776K, reserved 1048576K
Event: 2738.144 GC heap after
Heap after GC invocations=53 (full 14):
 PSYoungGen      total 513536K, used 0K [0x000000076af00000, 0x000000078bd00000, 0x00000007c0000000)
  eden space 496640K, 0% used [0x000000076af00000,0x000000076af00000,0x0000000789400000)
  from space 16896K, 0% used [0x0000000789400000,0x0000000789400000,0x000000078a480000)
  to   space 16384K, 0% used [0x000000078ad00000,0x000000078ad00000,0x000000078bd00000)
 ParOldGen       total 212992K, used 80077K [0x00000006c0c00000, 0x00000006cdc00000, 0x000000076af00000)
  object space 212992K, 37% used [0x00000006c0c00000,0x00000006c5a334e8,0x00000006cdc00000)
 Metaspace       used 115971K, capacity 121356K, committed 122368K, reserved 1159168K
  class space    used 10692K, capacity 11574K, committed 11776K, reserved 1048576K
}
Event: 2741.865 GC heap before
{Heap before GC invocations=54 (full 14):
 PSYoungGen      total 513536K, used 496640K [0x000000076af00000, 0x000000078bd00000, 0x00000007c0000000)
  eden space 496640K, 100% used [0x000000076af00000,0x0000000789400000,0x0000000789400000)
  from space 16896K, 0% used [0x0000000789400000,0x0000000789400000,0x000000078a480000)
  to   space 16384K, 0% used [0x000000078ad00000,0x000000078ad00000,0x000000078bd00000)
 ParOldGen       total 212992K, used 80077K [0x00000006c0c00000, 0x00000006cdc00000, 0x000000076af00000)
  object space 212992K, 37% used [0x00000006c0c00000,0x00000006c5a334e8,0x00000006cdc00000)
 Metaspace       used 119658K, capacity 125296K, committed 125696K, reserved 1163264K
  class space    used 10944K, capacity 11888K, committed 12032K, reserved 1048576K
Event: 2741.871 GC heap after
Heap after GC invocations=54 (full 14):
 PSYoungGen      total 522240K, used 12143K [0x000000076af00000, 0x000000078bf00000, 0x00000007c0000000)
  eden space 505856K, 0% used [0x000000076af00000,0x000000076af00000,0x0000000789d00000)
  from space 16384K, 74% used [0x000000078ad00000,0x000000078b8dbfb8,0x000000078bd00000)
  to   space 16384K, 0% used [0x0000000789d00000,0x0000000789d00000,0x000000078ad00000)
 ParOldGen       total 212992K, used 80085K [0x00000006c0c00000, 0x00000006cdc00000, 0x000000076af00000)
  object space 212992K, 37% used [0x00000006c0c00000,0x00000006c5a354e8,0x00000006cdc00000)
 Metaspace       used 119658K, capacity 125296K, committed 125696K, reserved 1163264K
  class space    used 10944K, capacity 11888K, committed 12032K, reserved 1048576K
}

