# JRE version: Java(TM) SE Runtime Environment (8.0_65-b17) (build 1.8.0_65-b17)
# Java VM: Java HotSpot(TM) 64-Bit Server VM (25.65-b01 mixed mode windows-amd64 compressed oops)
Heap:
 PSYoungGen      total 83456K, used 5681K [0x000000076af00000, 0x0000000771180000, 0x00000007c0000000)
  eden space 66048K, 8% used [0x000000076af00000,0x000000076b48c6a8,0x000000076ef80000)
  from space 17408K, 0% used [0x0000000770080000,0x0000000770080000,0x0000000771180000)
  to   space 17408K, 0% used [0x000000076ef80000,0x000000076ef80000,0x0000000770080000)
 ParOldGen       total 121856K, used 50541K [0x00000006c0c00000, 0x00000006c8300000, 0x000000076af00000)
  object space 121856K, 41% used [0x00000006c0c00000,0x00000006c3d5b6f8,0x00000006c8300000)
 Metaspace       used 85440K, capacity 90004K, committed 90496K, reserved 1130496K
  class space    used 8926K, capacity 9766K, committed 9856K, reserved 1048576K
GC Heap History (10 events):
Event: 22704.446 GC heap before
{Heap before GC invocations=487 (full 10):
 PSYoungGen      total 79872K, used 78890K [0x000000076af00000, 0x0000000770d80000, 0x00000007c0000000)
  eden space 68096K, 100% used [0x000000076af00000,0x000000076f180000,0x000000076f180000)
  from space 11776K, 91% used [0x000000076ff00000,0x000000077098abd8,0x0000000770a80000)
  to   space 13824K, 0% used [0x000000076f180000,0x000000076f180000,0x000000076ff00000)
 ParOldGen       total 121856K, used 47439K [0x00000006c0c00000, 0x00000006c8300000, 0x000000076af00000)
  object space 121856K, 38% used [0x00000006c0c00000,0x00000006c3a53c28,0x00000006c8300000)
 Metaspace       used 85586K, capacity 90262K, committed 90496K, reserved 1130496K
  class space    used 8953K, capacity 9820K, committed 9856K, reserved 1048576K
Event: 22704.450 GC heap after
Heap after GC invocations=487 (full 10):
 PSYoungGen      total 81920K, used 11456K [0x000000076af00000, 0x0000000771480000, 0x00000007c0000000)
  eden space 68096K, 0% used [0x000000076af00000,0x000000076af00000,0x000000076f180000)
  from space 13824K, 82% used [0x000000076f180000,0x000000076fcb01d0,0x000000076ff00000)
  to   space 15360K, 0% used [0x0000000770580000,0x0000000770580000,0x0000000771480000)
 ParOldGen       total 121856K, used 47447K [0x00000006c0c00000, 0x00000006c8300000, 0x000000076af00000)
  object space 121856K, 38% used [0x00000006c0c00000,0x00000006c3a55c28,0x00000006c8300000)
 Metaspace       used 85586K, capacity 90262K, committed 90496K, reserved 1130496K
  class space    used 8953K, capacity 9820K, committed 9856K, reserved 1048576K
}
Event: 22759.586 GC heap before
{Heap before GC invocations=488 (full 10):
 PSYoungGen      total 81920K, used 79552K [0x000000076af00000, 0x0000000771480000, 0x00000007c0000000)
  eden space 68096K, 100% used [0x000000076af00000,0x000000076f180000,0x000000076f180000)
  from space 13824K, 82% used [0x000000076f180000,0x000000076fcb01d0,0x000000076ff00000)
  to   space 15360K, 0% used [0x0000000770580000,0x0000000770580000,0x0000000771480000)
 ParOldGen       total 121856K, used 47447K [0x00000006c0c00000, 0x00000006c8300000, 0x000000076af00000)
  object space 121856K, 38% used [0x00000006c0c00000,0x00000006c3a55c28,0x00000006c8300000)
 Metaspace       used 85586K, capacity 90262K, committed 90496K, reserved 1130496K
  class space    used 8953K, capacity 9820K, committed 9856K, reserved 1048576K
Event: 22759.591 GC heap after
Heap after GC invocations=488 (full 10):
 PSYoungGen      total 78848K, used 11488K [0x000000076af00000, 0x0000000771100000, 0x00000007c0000000)
  eden space 67072K, 0% used [0x000000076af00000,0x000000076af00000,0x000000076f080000)
  from space 11776K, 97% used [0x0000000770580000,0x00000007710b81b0,0x0000000771100000)
  to   space 16384K, 0% used [0x000000076f100000,0x000000076f100000,0x0000000770100000)
 ParOldGen       total 121856K, used 47455K [0x00000006c0c00000, 0x00000006c8300000, 0x000000076af00000)
  object space 121856K, 38% used [0x00000006c0c00000,0x00000006c3a57c28,0x00000006c8300000)
 Metaspace       used 85586K, capacity 90262K, committed 90496K, reserved 1130496K
  class space    used 8953K, capacity 9820K, committed 9856K, reserved 1048576K
}
Event: 22814.173 GC heap before
{Heap before GC invocations=489 (full 10):
 PSYoungGen      total 78848K, used 78560K [0x000000076af00000, 0x0000000771100000, 0x00000007c0000000)
  eden space 67072K, 100% used [0x000000076af00000,0x000000076f080000,0x000000076f080000)
  from space 11776K, 97% used [0x0000000770580000,0x00000007710b81b0,0x0000000771100000)
  to   space 16384K, 0% used [0x000000076f100000,0x000000076f100000,0x0000000770100000)
 ParOldGen       total 121856K, used 47455K [0x00000006c0c00000, 0x00000006c8300000, 0x000000076af00000)
  object space 121856K, 38% used [0x00000006c0c00000,0x00000006c3a57c28,0x00000006c8300000)
 Metaspace       used 85586K, capacity 90262K, committed 90496K, reserved 1130496K
  class space    used 8953K, capacity 9820K, committed 9856K, reserved 1048576K
Event: 22814.178 GC heap after
Heap after GC invocations=489 (full 10):
 PSYoungGen      total 77824K, used 11440K [0x000000076af00000, 0x0000000771180000, 0x00000007c0000000)
  eden space 66048K, 0% used [0x000000076af00000,0x000000076af00000,0x000000076ef80000)
  from space 11776K, 97% used [0x000000076f100000,0x000000076fc2c1c0,0x000000076fc80000)
  to   space 17408K, 0% used [0x0000000770080000,0x0000000770080000,0x0000000771180000)
 ParOldGen       total 121856K, used 47463K [0x00000006c0c00000, 0x00000006c8300000, 0x000000076af00000)
  object space 121856K, 38% used [0x00000006c0c00000,0x00000006c3a59c28,0x00000006c8300000)
 Metaspace       used 85586K, capacity 90262K, committed 90496K, reserved 1130496K
  class space    used 8953K, capacity 9820K, committed 9856K, reserved 1048576K
}
Event: 22841.140 GC heap before
{Heap before GC invocations=490 (full 10):
 PSYoungGen      total 77824K, used 48479K [0x000000076af00000, 0x0000000771180000, 0x00000007c0000000)
  eden space 66048K, 56% used [0x000000076af00000,0x000000076d32bbd0,0x000000076ef80000)
  from space 11776K, 97% used [0x000000076f100000,0x000000076fc2c1c0,0x000000076fc80000)
  to   space 17408K, 0% used [0x0000000770080000,0x0000000770080000,0x0000000771180000)
 ParOldGen       total 121856K, used 47463K [0x00000006c0c00000, 0x00000006c8300000, 0x000000076af00000)
  object space 121856K, 38% used [0x00000006c0c00000,0x00000006c3a59c28,0x00000006c8300000)
 Metaspace       used 85588K, capacity 90268K, committed 90496K, reserved 1130496K
  class space    used 8954K, capacity 9822K, committed 9856K, reserved 1048576K
Event: 22841.144 GC heap after
Heap after GC invocations=490 (full 10):
 PSYoungGen      total 83456K, used 9808K [0x000000076af00000, 0x0000000771180000, 0x00000007c0000000)
  eden space 66048K, 0% used [0x000000076af00000,0x000000076af00000,0x000000076ef80000)
  from space 17408K, 56% used [0x0000000770080000,0x0000000770a140e0,0x0000000771180000)
  to   space 17408K, 0% used [0x000000076ef80000,0x000000076ef80000,0x0000000770080000)
 ParOldGen       total 121856K, used 47471K [0x00000006c0c00000, 0x00000006c8300000, 0x000000076af00000)
  object space 121856K, 38% used [0x00000006c0c00000,0x00000006c3a5bc28,0x00000006c8300000)
 Metaspace       used 85588K, capacity 90268K, committed 90496K, reserved 1130496K
  class space    used 8954K, capacity 9822K, committed 9856K, reserved 1048576K
}
Event: 22841.144 GC heap before
{Heap before GC invocations=491 (full 11):
 PSYoungGen      total 83456K, used 9808K [0x000000076af00000, 0x0000000771180000, 0x00000007c0000000)
  eden space 66048K, 0% used [0x000000076af00000,0x000000076af00000,0x000000076ef80000)
  from space 17408K, 56% used [0x0000000770080000,0x0000000770a140e0,0x0000000771180000)
  to   space 17408K, 0% used [0x000000076ef80000,0x000000076ef80000,0x0000000770080000)
 ParOldGen       total 121856K, used 47471K [0x00000006c0c00000, 0x00000006c8300000, 0x000000076af00000)
  object space 121856K, 38% used [0x00000006c0c00000,0x00000006c3a5bc28,0x00000006c8300000)
 Metaspace       used 85588K, capacity 90268K, committed 90496K, reserved 1130496K
  class space    used 8954K, capacity 9822K, committed 9856K, reserved 1048576K
Event: 22841.308 GC heap after
Heap after GC invocations=491 (full 11):
 PSYoungGen      total 83456K, used 0K [0x000000076af00000, 0x0000000771180000, 0x00000007c0000000)
  eden space 66048K, 0% used [0x000000076af00000,0x000000076af00000,0x000000076ef80000)
  from space 17408K, 0% used [0x0000000770080000,0x0000000770080000,0x0000000771180000)
  to   space 17408K, 0% used [0x000000076ef80000,0x000000076ef80000,0x0000000770080000)
 ParOldGen       total 121856K, used 50541K [0x00000006c0c00000, 0x00000006c8300000, 0x000000076af00000)
  object space 121856K, 41% used [0x00000006c0c00000,0x00000006c3d5b6f8,0x00000006c8300000)
 Metaspace       used 85377K, capacity 89934K, committed 90496K, reserved 1130496K
  class space    used 8922K, capacity 9764K, committed 9856K, reserved 1048576K
}

