# JRE version: Java(TM) SE Runtime Environment (8.0_65-b17) (build 1.8.0_65-b17)
# Java VM: Java HotSpot(TM) 64-Bit Server VM (25.65-b01 mixed mode windows-amd64 compressed oops)
Heap:
 PSYoungGen      total 482816K, used 316134K [0x000000076af00000, 0x000000078af00000, 0x00000007c0000000)
  eden space 466944K, 65% used [0x000000076af00000,0x000000077d8661c0,0x0000000787700000)
  from space 15872K, 73% used [0x0000000788600000,0x0000000789153928,0x0000000789580000)
  to   space 15360K, 0% used [0x0000000787700000,0x0000000787700000,0x0000000788600000)
 ParOldGen       total 220672K, used 80470K [0x00000006c0c00000, 0x00000006ce380000, 0x000000076af00000)
  object space 220672K, 36% used [0x00000006c0c00000,0x00000006c5a95b38,0x00000006ce380000)
 Metaspace       used 117596K, capacity 122492K, committed 122624K, reserved 1161216K
  class space    used 10714K, capacity 11654K, committed 11776K, reserved 1048576K
GC Heap History (10 events):
Event: 1866.791 GC heap before
{Heap before GC invocations=51 (full 14):
 PSYoungGen      total 454144K, used 12329K [0x000000076af00000, 0x0000000789700000, 0x00000007c0000000)
  eden space 438272K, 0% used [0x000000076af00000,0x000000076af00000,0x0000000785b00000)
  from space 15872K, 77% used [0x0000000785b00000,0x000000078670a5b0,0x0000000786a80000)
  to   space 15872K, 0% used [0x0000000788780000,0x0000000788780000,0x0000000789700000)
 ParOldGen       total 220672K, used 71466K [0x00000006c0c00000, 0x00000006ce380000, 0x000000076af00000)
  object space 220672K, 32% used [0x00000006c0c00000,0x00000006c51ca888,0x00000006ce380000)
 Metaspace       used 107751K, capacity 112316K, committed 112512K, reserved 1150976K
  class space    used 10143K, capacity 11039K, committed 11136K, reserved 1048576K
Event: 1867.002 GC heap after
Heap after GC invocations=51 (full 14):
 PSYoungGen      total 454144K, used 0K [0x000000076af00000, 0x0000000789700000, 0x00000007c0000000)
  eden space 438272K, 0% used [0x000000076af00000,0x000000076af00000,0x0000000785b00000)
  from space 15872K, 0% used [0x0000000785b00000,0x0000000785b00000,0x0000000786a80000)
  to   space 15872K, 0% used [0x0000000788780000,0x0000000788780000,0x0000000789700000)
 ParOldGen       total 220672K, used 75885K [0x00000006c0c00000, 0x00000006ce380000, 0x000000076af00000)
  object space 220672K, 34% used [0x00000006c0c00000,0x00000006c561b490,0x00000006ce380000)
 Metaspace       used 107341K, capacity 111662K, committed 112512K, reserved 1150976K
  class space    used 10082K, capacity 10928K, committed 11136K, reserved 1048576K
}
Event: 1871.334 GC heap before
{Heap before GC invocations=52 (full 14):
 PSYoungGen      total 454144K, used 438272K [0x000000076af00000, 0x0000000789700000, 0x00000007c0000000)
  eden space 438272K, 100% used [0x000000076af00000,0x0000000785b00000,0x0000000785b00000)
  from space 15872K, 0% used [0x0000000785b00000,0x0000000785b00000,0x0000000786a80000)
  to   space 15872K, 0% used [0x0000000788780000,0x0000000788780000,0x0000000789700000)
 ParOldGen       total 220672K, used 75885K [0x00000006c0c00000, 0x00000006ce380000, 0x000000076af00000)
  object space 220672K, 34% used [0x00000006c0c00000,0x00000006c561b490,0x00000006ce380000)
 Metaspace       used 110085K, capacity 114584K, committed 115200K, reserved 1153024K
  class space    used 10279K, capacity 11147K, committed 11264K, reserved 1048576K
Event: 1871.345 GC heap after
Heap after GC invocations=52 (full 14):
 PSYoungGen      total 479744K, used 11041K [0x000000076af00000, 0x0000000789480000, 0x00000007c0000000)
  eden space 466432K, 0% used [0x000000076af00000,0x000000076af00000,0x0000000787680000)
  from space 13312K, 82% used [0x0000000788780000,0x0000000789248730,0x0000000789480000)
  to   space 15360K, 0% used [0x0000000787680000,0x0000000787680000,0x0000000788580000)
 ParOldGen       total 220672K, used 75893K [0x00000006c0c00000, 0x00000006ce380000, 0x000000076af00000)
  object space 220672K, 34% used [0x00000006c0c00000,0x00000006c561d490,0x00000006ce380000)
 Metaspace       used 110085K, capacity 114584K, committed 115200K, reserved 1153024K
  class space    used 10279K, capacity 11147K, committed 11264K, reserved 1048576K
}
Event: 1958.853 GC heap before
{Heap before GC invocations=53 (full 14):
 PSYoungGen      total 479744K, used 379422K [0x000000076af00000, 0x0000000789480000, 0x00000007c0000000)
  eden space 466432K, 78% used [0x000000076af00000,0x00000007816bf0f0,0x0000000787680000)
  from space 13312K, 82% used [0x0000000788780000,0x0000000789248730,0x0000000789480000)
  to   space 15360K, 0% used [0x0000000787680000,0x0000000787680000,0x0000000788580000)
 ParOldGen       total 220672K, used 75893K [0x00000006c0c00000, 0x00000006ce380000, 0x000000076af00000)
  object space 220672K, 34% used [0x00000006c0c00000,0x00000006c561d490,0x00000006ce380000)
 Metaspace       used 112815K, capacity 117602K, committed 117888K, reserved 1155072K
  class space    used 10434K, capacity 11348K, committed 11392K, reserved 1048576K
Event: 1958.866 GC heap after
Heap after GC invocations=53 (full 14):
 PSYoungGen      total 481792K, used 12297K [0x000000076af00000, 0x0000000789580000, 0x00000007c0000000)
  eden space 466432K, 0% used [0x000000076af00000,0x000000076af00000,0x0000000787680000)
  from space 15360K, 80% used [0x0000000787680000,0x00000007882825b0,0x0000000788580000)
  to   space 15872K, 0% used [0x0000000788600000,0x0000000788600000,0x0000000789580000)
 ParOldGen       total 220672K, used 75901K [0x00000006c0c00000, 0x00000006ce380000, 0x000000076af00000)
  object space 220672K, 34% used [0x00000006c0c00000,0x00000006c561f490,0x00000006ce380000)
 Metaspace       used 112815K, capacity 117602K, committed 117888K, reserved 1155072K
  class space    used 10434K, capacity 11348K, committed 11392K, reserved 1048576K
}
Event: 1958.866 GC heap before
{Heap before GC invocations=54 (full 15):
 PSYoungGen      total 481792K, used 12297K [0x000000076af00000, 0x0000000789580000, 0x00000007c0000000)
  eden space 466432K, 0% used [0x000000076af00000,0x000000076af00000,0x0000000787680000)
  from space 15360K, 80% used [0x0000000787680000,0x00000007882825b0,0x0000000788580000)
  to   space 15872K, 0% used [0x0000000788600000,0x0000000788600000,0x0000000789580000)
 ParOldGen       total 220672K, used 75901K [0x00000006c0c00000, 0x00000006ce380000, 0x000000076af00000)
  object space 220672K, 34% used [0x00000006c0c00000,0x00000006c561f490,0x00000006ce380000)
 Metaspace       used 112815K, capacity 117602K, committed 117888K, reserved 1155072K
  class space    used 10434K, capacity 11348K, committed 11392K, reserved 1048576K
Event: 1959.098 GC heap after
Heap after GC invocations=54 (full 15):
 PSYoungGen      total 481792K, used 0K [0x000000076af00000, 0x0000000789580000, 0x00000007c0000000)
  eden space 466432K, 0% used [0x000000076af00000,0x000000076af00000,0x0000000787680000)
  from space 15360K, 0% used [0x0000000787680000,0x0000000787680000,0x0000000788580000)
  to   space 15872K, 0% used [0x0000000788600000,0x0000000788600000,0x0000000789580000)
 ParOldGen       total 220672K, used 80462K [0x00000006c0c00000, 0x00000006ce380000, 0x000000076af00000)
  object space 220672K, 36% used [0x00000006c0c00000,0x00000006c5a93b38,0x00000006ce380000)
 Metaspace       used 112405K, capacity 116948K, committed 117888K, reserved 1155072K
  class space    used 10373K, capacity 11237K, committed 11392K, reserved 1048576K
}
Event: 1962.486 GC heap before
{Heap before GC invocations=55 (full 15):
 PSYoungGen      total 481792K, used 466432K [0x000000076af00000, 0x0000000789580000, 0x00000007c0000000)
  eden space 466432K, 100% used [0x000000076af00000,0x0000000787680000,0x0000000787680000)
  from space 15360K, 0% used [0x0000000787680000,0x0000000787680000,0x0000000788580000)
  to   space 15872K, 0% used [0x0000000788600000,0x0000000788600000,0x0000000789580000)
 ParOldGen       total 220672K, used 80462K [0x00000006c0c00000, 0x00000006ce380000, 0x000000076af00000)
  object space 220672K, 36% used [0x00000006c0c00000,0x00000006c5a93b38,0x00000006ce380000)
 Metaspace       used 115718K, capacity 120470K, committed 120960K, reserved 1159168K
  class space    used 10601K, capacity 11508K, committed 11648K, reserved 1048576K
Event: 1962.492 GC heap after
Heap after GC invocations=55 (full 15):
 PSYoungGen      total 482816K, used 11598K [0x000000076af00000, 0x000000078af00000, 0x00000007c0000000)
  eden space 466944K, 0% used [0x000000076af00000,0x000000076af00000,0x0000000787700000)
  from space 15872K, 73% used [0x0000000788600000,0x0000000789153928,0x0000000789580000)
  to   space 15360K, 0% used [0x0000000787700000,0x0000000787700000,0x0000000788600000)
 ParOldGen       total 220672K, used 80470K [0x00000006c0c00000, 0x00000006ce380000, 0x000000076af00000)
  object space 220672K, 36% used [0x00000006c0c00000,0x00000006c5a95b38,0x00000006ce380000)
 Metaspace       used 115718K, capacity 120470K, committed 120960K, reserved 1159168K
  class space    used 10601K, capacity 11508K, committed 11648K, reserved 1048576K
}

