# JRE version: Java(TM) SE Runtime Environment (8.0_65-b17) (build 1.8.0_65-b17)
# Java VM: Java HotSpot(TM) 64-Bit Server VM (25.65-b01 mixed mode windows-amd64 compressed oops)
Heap:
 PSYoungGen      total 331264K, used 227468K [0x000000076af00000, 0x0000000780b80000, 0x00000007c0000000)
  eden space 308224K, 70% used [0x000000076af00000,0x000000077828b798,0x000000077dc00000)
  from space 23040K, 47% used [0x000000077dc00000,0x000000077e697890,0x000000077f280000)
  to   space 22528K, 0% used [0x000000077f580000,0x000000077f580000,0x0000000780b80000)
 ParOldGen       total 356352K, used 185970K [0x00000006c0c00000, 0x00000006d6800000, 0x000000076af00000)
  object space 356352K, 52% used [0x00000006c0c00000,0x00000006cc19c990,0x00000006d6800000)
 Metaspace       used 209545K, capacity 216282K, committed 217088K, reserved 1249280K
  class space    used 16708K, capacity 18000K, committed 18176K, reserved 1048576K
GC Heap History (10 events):
Event: 6117.561 GC heap before
{Heap before GC invocations=677 (full 29):
 PSYoungGen      total 326656K, used 312705K [0x000000076af00000, 0x0000000780780000, 0x00000007c0000000)
  eden space 302080K, 100% used [0x000000076af00000,0x000000077d600000,0x000000077d600000)
  from space 24576K, 43% used [0x000000077d600000,0x000000077e060658,0x000000077ee00000)
  to   space 24064K, 0% used [0x000000077f000000,0x000000077f000000,0x0000000780780000)
 ParOldGen       total 356352K, used 185927K [0x00000006c0c00000, 0x00000006d6800000, 0x000000076af00000)
  object space 356352K, 52% used [0x00000006c0c00000,0x00000006cc191fc8,0x00000006d6800000)
 Metaspace       used 206388K, capacity 213208K, committed 213504K, reserved 1245184K
  class space    used 16538K, capacity 17793K, committed 17920K, reserved 1048576K
Event: 6117.567 GC heap after
Heap after GC invocations=677 (full 29):
 PSYoungGen      total 329216K, used 13552K [0x000000076af00000, 0x0000000780780000, 0x00000007c0000000)
  eden space 305152K, 0% used [0x000000076af00000,0x000000076af00000,0x000000077d900000)
  from space 24064K, 56% used [0x000000077f000000,0x000000077fd3c0f0,0x0000000780780000)
  to   space 23552K, 0% used [0x000000077d900000,0x000000077d900000,0x000000077f000000)
 ParOldGen       total 356352K, used 185935K [0x00000006c0c00000, 0x00000006d6800000, 0x000000076af00000)
  object space 356352K, 52% used [0x00000006c0c00000,0x00000006cc193fc8,0x00000006d6800000)
 Metaspace       used 206388K, capacity 213208K, committed 213504K, reserved 1245184K
  class space    used 16538K, capacity 17793K, committed 17920K, reserved 1048576K
}
Event: 6126.310 GC heap before
{Heap before GC invocations=678 (full 29):
 PSYoungGen      total 329216K, used 318704K [0x000000076af00000, 0x0000000780780000, 0x00000007c0000000)
  eden space 305152K, 100% used [0x000000076af00000,0x000000077d900000,0x000000077d900000)
  from space 24064K, 56% used [0x000000077f000000,0x000000077fd3c0f0,0x0000000780780000)
  to   space 23552K, 0% used [0x000000077d900000,0x000000077d900000,0x000000077f000000)
 ParOldGen       total 356352K, used 185935K [0x00000006c0c00000, 0x00000006d6800000, 0x000000076af00000)
  object space 356352K, 52% used [0x00000006c0c00000,0x00000006cc193fc8,0x00000006d6800000)
 Metaspace       used 207163K, capacity 214018K, committed 214272K, reserved 1245184K
  class space    used 16581K, capacity 17848K, committed 17920K, reserved 1048576K
Event: 6126.317 GC heap after
Heap after GC invocations=678 (full 29):
 PSYoungGen      total 328704K, used 15739K [0x000000076af00000, 0x0000000780900000, 0x00000007c0000000)
  eden space 305152K, 0% used [0x000000076af00000,0x000000076af00000,0x000000077d900000)
  from space 23552K, 66% used [0x000000077d900000,0x000000077e85eea0,0x000000077f000000)
  to   space 23040K, 0% used [0x000000077f280000,0x000000077f280000,0x0000000780900000)
 ParOldGen       total 356352K, used 185943K [0x00000006c0c00000, 0x00000006d6800000, 0x000000076af00000)
  object space 356352K, 52% used [0x00000006c0c00000,0x00000006cc195fc8,0x00000006d6800000)
 Metaspace       used 207163K, capacity 214018K, committed 214272K, reserved 1245184K
  class space    used 16581K, capacity 17848K, committed 17920K, reserved 1048576K
}
Event: 6135.411 GC heap before
{Heap before GC invocations=679 (full 29):
 PSYoungGen      total 328704K, used 212172K [0x000000076af00000, 0x0000000780900000, 0x00000007c0000000)
  eden space 305152K, 64% used [0x000000076af00000,0x0000000776ed44a8,0x000000077d900000)
  from space 23552K, 66% used [0x000000077d900000,0x000000077e85eea0,0x000000077f000000)
  to   space 23040K, 0% used [0x000000077f280000,0x000000077f280000,0x0000000780900000)
 ParOldGen       total 356352K, used 185943K [0x00000006c0c00000, 0x00000006d6800000, 0x000000076af00000)
  object space 356352K, 52% used [0x00000006c0c00000,0x00000006cc195fc8,0x00000006d6800000)
 Metaspace       used 207521K, capacity 214440K, committed 214528K, reserved 1245184K
  class space    used 16589K, capacity 17882K, committed 17920K, reserved 1048576K
Event: 6135.418 GC heap after
Heap after GC invocations=679 (full 29):
 PSYoungGen      total 331264K, used 16398K [0x000000076af00000, 0x0000000780900000, 0x00000007c0000000)
  eden space 308224K, 0% used [0x000000076af00000,0x000000076af00000,0x000000077dc00000)
  from space 23040K, 71% used [0x000000077f280000,0x0000000780283a88,0x0000000780900000)
  to   space 23040K, 0% used [0x000000077dc00000,0x000000077dc00000,0x000000077f280000)
 ParOldGen       total 356352K, used 185951K [0x00000006c0c00000, 0x00000006d6800000, 0x000000076af00000)
  object space 356352K, 52% used [0x00000006c0c00000,0x00000006cc197fc8,0x00000006d6800000)
 Metaspace       used 207521K, capacity 214440K, committed 214528K, reserved 1245184K
  class space    used 16589K, capacity 17882K, committed 17920K, reserved 1048576K
}
Event: 6135.418 GC heap before
{Heap before GC invocations=680 (full 30):
 PSYoungGen      total 331264K, used 16398K [0x000000076af00000, 0x0000000780900000, 0x00000007c0000000)
  eden space 308224K, 0% used [0x000000076af00000,0x000000076af00000,0x000000077dc00000)
  from space 23040K, 71% used [0x000000077f280000,0x0000000780283a88,0x0000000780900000)
  to   space 23040K, 0% used [0x000000077dc00000,0x000000077dc00000,0x000000077f280000)
 ParOldGen       total 356352K, used 185951K [0x00000006c0c00000, 0x00000006d6800000, 0x000000076af00000)
  object space 356352K, 52% used [0x00000006c0c00000,0x00000006cc197fc8,0x00000006d6800000)
 Metaspace       used 207521K, capacity 214440K, committed 214528K, reserved 1245184K
  class space    used 16589K, capacity 17882K, committed 17920K, reserved 1048576K
Event: 6135.690 GC heap after
Heap after GC invocations=680 (full 30):
 PSYoungGen      total 331264K, used 0K [0x000000076af00000, 0x0000000780900000, 0x00000007c0000000)
  eden space 308224K, 0% used [0x000000076af00000,0x000000076af00000,0x000000077dc00000)
  from space 23040K, 0% used [0x000000077f280000,0x000000077f280000,0x0000000780900000)
  to   space 23040K, 0% used [0x000000077dc00000,0x000000077dc00000,0x000000077f280000)
 ParOldGen       total 356352K, used 185970K [0x00000006c0c00000, 0x00000006d6800000, 0x000000076af00000)
  object space 356352K, 52% used [0x00000006c0c00000,0x00000006cc19c990,0x00000006d6800000)
 Metaspace       used 207069K, capacity 213720K, committed 214528K, reserved 1245184K
  class space    used 16523K, capacity 17761K, committed 17920K, reserved 1048576K
}
Event: 6138.270 GC heap before
{Heap before GC invocations=681 (full 30):
 PSYoungGen      total 331264K, used 308224K [0x000000076af00000, 0x0000000780900000, 0x00000007c0000000)
  eden space 308224K, 100% used [0x000000076af00000,0x000000077dc00000,0x000000077dc00000)
  from space 23040K, 0% used [0x000000077f280000,0x000000077f280000,0x0000000780900000)
  to   space 23040K, 0% used [0x000000077dc00000,0x000000077dc00000,0x000000077f280000)
 ParOldGen       total 356352K, used 185970K [0x00000006c0c00000, 0x00000006d6800000, 0x000000076af00000)
  object space 356352K, 52% used [0x00000006c0c00000,0x00000006cc19c990,0x00000006d6800000)
 Metaspace       used 208097K, capacity 214806K, committed 215680K, reserved 1247232K
  class space    used 16625K, capacity 17866K, committed 18048K, reserved 1048576K
Event: 6138.280 GC heap after
Heap after GC invocations=681 (full 30):
 PSYoungGen      total 331264K, used 10846K [0x000000076af00000, 0x0000000780b80000, 0x00000007c0000000)
  eden space 308224K, 0% used [0x000000076af00000,0x000000076af00000,0x000000077dc00000)
  from space 23040K, 47% used [0x000000077dc00000,0x000000077e697890,0x000000077f280000)
  to   space 22528K, 0% used [0x000000077f580000,0x000000077f580000,0x0000000780b80000)
 ParOldGen       total 356352K, used 185970K [0x00000006c0c00000, 0x00000006d6800000, 0x000000076af00000)
  object space 356352K, 52% used [0x00000006c0c00000,0x00000006cc19c990,0x00000006d6800000)
 Metaspace       used 208097K, capacity 214806K, committed 215680K, reserved 1247232K
  class space    used 16625K, capacity 17866K, committed 18048K, reserved 1048576K
}

