# JRE version: Java(TM) SE Runtime Environment (8.0_65-b17) (build 1.8.0_65-b17)
# Java VM: Java HotSpot(TM) 64-Bit Server VM (25.65-b01 mixed mode windows-amd64 compressed oops)
Heap:
 PSYoungGen      total 705536K, used 151030K [0x000000076af00000, 0x0000000798a00000, 0x00000007c0000000)
  eden space 699392K, 21% used [0x000000076af00000,0x000000077427dad0,0x0000000795a00000)
  from space 6144K, 0% used [0x0000000795a00000,0x0000000795a00000,0x0000000796000000)
  to   space 24576K, 0% used [0x0000000797200000,0x0000000797200000,0x0000000798a00000)
 ParOldGen       total 325632K, used 233642K [0x00000006c0c00000, 0x00000006d4a00000, 0x000000076af00000)
  object space 325632K, 71% used [0x00000006c0c00000,0x00000006cf02a928,0x00000006d4a00000)
 Metaspace       used 316997K, capacity 326034K, committed 326396K, reserved 1351680K
  class space    used 21801K, capacity 23733K, committed 23808K, reserved 1048576K
GC Heap History (10 events):
Event: 18205.967 GC heap before
{Heap before GC invocations=200 (full 69):
 PSYoungGen      total 723456K, used 18269K [0x000000076af00000, 0x0000000798c00000, 0x00000007c0000000)
  eden space 699392K, 0% used [0x000000076af00000,0x000000076af00000,0x0000000795a00000)
  from space 24064K, 75% used [0x0000000795a00000,0x0000000796bd77e0,0x0000000797180000)
  to   space 25600K, 0% used [0x0000000797300000,0x0000000797300000,0x0000000798c00000)
 ParOldGen       total 325632K, used 221440K [0x00000006c0c00000, 0x00000006d4a00000, 0x000000076af00000)
  object space 325632K, 68% used [0x00000006c0c00000,0x00000006ce440328,0x00000006d4a00000)
 Metaspace       used 315149K, capacity 324334K, committed 324476K, reserved 1349632K
  class space    used 21695K, capacity 23653K, committed 23680K, reserved 1048576K
Event: 18206.383 GC heap after
Heap after GC invocations=200 (full 69):
 PSYoungGen      total 723456K, used 0K [0x000000076af00000, 0x0000000798c00000, 0x00000007c0000000)
  eden space 699392K, 0% used [0x000000076af00000,0x000000076af00000,0x0000000795a00000)
  from space 24064K, 0% used [0x0000000795a00000,0x0000000795a00000,0x0000000797180000)
  to   space 25600K, 0% used [0x0000000797300000,0x0000000797300000,0x0000000798c00000)
 ParOldGen       total 325632K, used 233852K [0x00000006c0c00000, 0x00000006d4a00000, 0x000000076af00000)
  object space 325632K, 71% used [0x00000006c0c00000,0x00000006cf05f1e0,0x00000006d4a00000)
 Metaspace       used 314682K, capacity 323590K, committed 324476K, reserved 1349632K
  class space    used 21627K, capacity 23528K, committed 23680K, reserved 1048576K
}
Event: 18439.252 GC heap before
{Heap before GC invocations=201 (full 69):
 PSYoungGen      total 723456K, used 512278K [0x000000076af00000, 0x0000000798c00000, 0x00000007c0000000)
  eden space 699392K, 73% used [0x000000076af00000,0x000000078a345950,0x0000000795a00000)
  from space 24064K, 0% used [0x0000000795a00000,0x0000000795a00000,0x0000000797180000)
  to   space 25600K, 0% used [0x0000000797300000,0x0000000797300000,0x0000000798c00000)
 ParOldGen       total 325632K, used 233852K [0x00000006c0c00000, 0x00000006d4a00000, 0x000000076af00000)
  object space 325632K, 71% used [0x00000006c0c00000,0x00000006cf05f1e0,0x00000006d4a00000)
 Metaspace       used 316328K, capacity 325510K, committed 326140K, reserved 1351680K
  class space    used 21763K, capacity 23699K, committed 23808K, reserved 1048576K
Event: 18439.257 GC heap after
Heap after GC invocations=201 (full 69):
 PSYoungGen      total 723968K, used 8583K [0x000000076af00000, 0x0000000798b00000, 0x00000007c0000000)
  eden space 699392K, 0% used [0x000000076af00000,0x000000076af00000,0x0000000795a00000)
  from space 24576K, 34% used [0x0000000797300000,0x0000000797b61df0,0x0000000798b00000)
  to   space 25088K, 0% used [0x0000000795a00000,0x0000000795a00000,0x0000000797280000)
 ParOldGen       total 325632K, used 233860K [0x00000006c0c00000, 0x00000006d4a00000, 0x000000076af00000)
  object space 325632K, 71% used [0x00000006c0c00000,0x00000006cf0611e0,0x00000006d4a00000)
 Metaspace       used 316328K, capacity 325510K, committed 326140K, reserved 1351680K
  class space    used 21763K, capacity 23699K, committed 23808K, reserved 1048576K
}
Event: 18439.257 GC heap before
{Heap before GC invocations=202 (full 70):
 PSYoungGen      total 723968K, used 8583K [0x000000076af00000, 0x0000000798b00000, 0x00000007c0000000)
  eden space 699392K, 0% used [0x000000076af00000,0x000000076af00000,0x0000000795a00000)
  from space 24576K, 34% used [0x0000000797300000,0x0000000797b61df0,0x0000000798b00000)
  to   space 25088K, 0% used [0x0000000795a00000,0x0000000795a00000,0x0000000797280000)
 ParOldGen       total 325632K, used 233860K [0x00000006c0c00000, 0x00000006d4a00000, 0x000000076af00000)
  object space 325632K, 71% used [0x00000006c0c00000,0x00000006cf0611e0,0x00000006d4a00000)
 Metaspace       used 316328K, capacity 325510K, committed 326140K, reserved 1351680K
  class space    used 21763K, capacity 23699K, committed 23808K, reserved 1048576K
Event: 18440.227 GC heap after
Heap after GC invocations=202 (full 70):
 PSYoungGen      total 723968K, used 0K [0x000000076af00000, 0x0000000798b00000, 0x00000007c0000000)
  eden space 699392K, 0% used [0x000000076af00000,0x000000076af00000,0x0000000795a00000)
  from space 24576K, 0% used [0x0000000797300000,0x0000000797300000,0x0000000798b00000)
  to   space 25088K, 0% used [0x0000000795a00000,0x0000000795a00000,0x0000000797280000)
 ParOldGen       total 325632K, used 236825K [0x00000006c0c00000, 0x00000006d4a00000, 0x000000076af00000)
  object space 325632K, 72% used [0x00000006c0c00000,0x00000006cf346680,0x00000006d4a00000)
 Metaspace       used 316320K, capacity 325498K, committed 326140K, reserved 1351680K
  class space    used 21762K, capacity 23697K, committed 23808K, reserved 1048576K
}
Event: 18814.117 GC heap before
{Heap before GC invocations=203 (full 70):
 PSYoungGen      total 723968K, used 635135K [0x000000076af00000, 0x0000000798b00000, 0x00000007c0000000)
  eden space 699392K, 90% used [0x000000076af00000,0x0000000791b3fde0,0x0000000795a00000)
  from space 24576K, 0% used [0x0000000797300000,0x0000000797300000,0x0000000798b00000)
  to   space 25088K, 0% used [0x0000000795a00000,0x0000000795a00000,0x0000000797280000)
 ParOldGen       total 325632K, used 236825K [0x00000006c0c00000, 0x00000006d4a00000, 0x000000076af00000)
  object space 325632K, 72% used [0x00000006c0c00000,0x00000006cf346680,0x00000006d4a00000)
 Metaspace       used 316512K, capacity 325890K, committed 326140K, reserved 1351680K
  class space    used 21791K, capacity 23741K, committed 23808K, reserved 1048576K
Event: 18814.123 GC heap after
Heap after GC invocations=203 (full 70):
 PSYoungGen      total 705536K, used 5856K [0x000000076af00000, 0x0000000798a00000, 0x00000007c0000000)
  eden space 699392K, 0% used [0x000000076af00000,0x000000076af00000,0x0000000795a00000)
  from space 6144K, 95% used [0x0000000795a00000,0x0000000795fb8010,0x0000000796000000)
  to   space 24576K, 0% used [0x0000000797200000,0x0000000797200000,0x0000000798a00000)
 ParOldGen       total 325632K, used 236833K [0x00000006c0c00000, 0x00000006d4a00000, 0x000000076af00000)
  object space 325632K, 72% used [0x00000006c0c00000,0x00000006cf348680,0x00000006d4a00000)
 Metaspace       used 316512K, capacity 325890K, committed 326140K, reserved 1351680K
  class space    used 21791K, capacity 23741K, committed 23808K, reserved 1048576K
}
Event: 18814.123 GC heap before
{Heap before GC invocations=204 (full 71):
 PSYoungGen      total 705536K, used 5856K [0x000000076af00000, 0x0000000798a00000, 0x00000007c0000000)
  eden space 699392K, 0% used [0x000000076af00000,0x000000076af00000,0x0000000795a00000)
  from space 6144K, 95% used [0x0000000795a00000,0x0000000795fb8010,0x0000000796000000)
  to   space 24576K, 0% used [0x0000000797200000,0x0000000797200000,0x0000000798a00000)
 ParOldGen       total 325632K, used 236833K [0x00000006c0c00000, 0x00000006d4a00000, 0x000000076af00000)
  object space 325632K, 72% used [0x00000006c0c00000,0x00000006cf348680,0x00000006d4a00000)
 Metaspace       used 316512K, capacity 325890K, committed 326140K, reserved 1351680K
  class space    used 21791K, capacity 23741K, committed 23808K, reserved 1048576K
Event: 18814.752 GC heap after
Heap after GC invocations=204 (full 71):
 PSYoungGen      total 705536K, used 0K [0x000000076af00000, 0x0000000798a00000, 0x00000007c0000000)
  eden space 699392K, 0% used [0x000000076af00000,0x000000076af00000,0x0000000795a00000)
  from space 6144K, 0% used [0x0000000795a00000,0x0000000795a00000,0x0000000796000000)
  to   space 24576K, 0% used [0x0000000797200000,0x0000000797200000,0x0000000798a00000)
 ParOldGen       total 325632K, used 233642K [0x00000006c0c00000, 0x00000006d4a00000, 0x000000076af00000)
  object space 325632K, 71% used [0x00000006c0c00000,0x00000006cf02a928,0x00000006d4a00000)
 Metaspace       used 316481K, capacity 325842K, committed 326140K, reserved 1351680K
  class space    used 21786K, capacity 23733K, committed 23808K, reserved 1048576K
}

