# JRE version: Java(TM) SE Runtime Environment (8.0_65-b17) (build 1.8.0_65-b17)
# Java VM: Java HotSpot(TM) 64-Bit Server VM (25.65-b01 mixed mode windows-amd64 compressed oops)
Heap:
 PSYoungGen      total 201728K, used 10840K [0x000000076af00000, 0x0000000778300000, 0x00000007c0000000)
  eden space 187392K, 0% used [0x000000076af00000,0x000000076af00000,0x0000000776600000)
  from space 14336K, 75% used [0x0000000776600000,0x00000007770960d0,0x0000000777400000)
  to   space 14848K, 0% used [0x0000000777480000,0x0000000777480000,0x0000000778300000)
 ParOldGen       total 168960K, used 63064K [0x00000006c0c00000, 0x00000006cb100000, 0x000000076af00000)
  object space 168960K, 37% used [0x00000006c0c00000,0x00000006c4996020,0x00000006cb100000)
 Metaspace       used 105409K, capacity 110344K, committed 110592K, reserved 1148928K
  class space    used 10197K, capacity 11146K, committed 11264K, reserved 1048576K
GC Heap History (10 events):
Event: 13824.587 GC heap after
Heap after GC invocations=164 (full 15):
 PSYoungGen      total 180736K, used 6751K [0x000000076af00000, 0x0000000777700000, 0x00000007c0000000)
  eden space 166912K, 0% used [0x000000076af00000,0x000000076af00000,0x0000000775200000)
  from space 13824K, 48% used [0x0000000775200000,0x0000000775897cb0,0x0000000775f80000)
  to   space 13312K, 0% used [0x0000000776a00000,0x0000000776a00000,0x0000000777700000)
 ParOldGen       total 168960K, used 63040K [0x00000006c0c00000, 0x00000006cb100000, 0x000000076af00000)
  object space 168960K, 37% used [0x00000006c0c00000,0x00000006c4990020,0x00000006cb100000)
 Metaspace       used 101835K, capacity 106628K, committed 107264K, reserved 1144832K
  class space    used 9990K, capacity 10919K, committed 11008K, reserved 1048576K
}
Event: 13825.334 GC heap before
{Heap before GC invocations=165 (full 15):
 PSYoungGen      total 180736K, used 173663K [0x000000076af00000, 0x0000000777700000, 0x00000007c0000000)
  eden space 166912K, 100% used [0x000000076af00000,0x0000000775200000,0x0000000775200000)
  from space 13824K, 48% used [0x0000000775200000,0x0000000775897cb0,0x0000000775f80000)
  to   space 13312K, 0% used [0x0000000776a00000,0x0000000776a00000,0x0000000777700000)
 ParOldGen       total 168960K, used 63040K [0x00000006c0c00000, 0x00000006cb100000, 0x000000076af00000)
  object space 168960K, 37% used [0x00000006c0c00000,0x00000006c4990020,0x00000006cb100000)
 Metaspace       used 102477K, capacity 107318K, committed 107776K, reserved 1146880K
  class space    used 10027K, capacity 10938K, committed 11008K, reserved 1048576K
Event: 13825.339 GC heap after
Heap after GC invocations=165 (full 15):
 PSYoungGen      total 190464K, used 7805K [0x000000076af00000, 0x0000000777600000, 0x00000007c0000000)
  eden space 178176K, 0% used [0x000000076af00000,0x000000076af00000,0x0000000775d00000)
  from space 12288K, 63% used [0x0000000776a00000,0x000000077719f4b8,0x0000000777600000)
  to   space 12800K, 0% used [0x0000000775d00000,0x0000000775d00000,0x0000000776980000)
 ParOldGen       total 168960K, used 63040K [0x00000006c0c00000, 0x00000006cb100000, 0x000000076af00000)
  object space 168960K, 37% used [0x00000006c0c00000,0x00000006c4990020,0x00000006cb100000)
 Metaspace       used 102477K, capacity 107318K, committed 107776K, reserved 1146880K
  class space    used 10027K, capacity 10938K, committed 11008K, reserved 1048576K
}
Event: 13826.382 GC heap before
{Heap before GC invocations=166 (full 15):
 PSYoungGen      total 190464K, used 185981K [0x000000076af00000, 0x0000000777600000, 0x00000007c0000000)
  eden space 178176K, 100% used [0x000000076af00000,0x0000000775d00000,0x0000000775d00000)
  from space 12288K, 63% used [0x0000000776a00000,0x000000077719f4b8,0x0000000777600000)
  to   space 12800K, 0% used [0x0000000775d00000,0x0000000775d00000,0x0000000776980000)
 ParOldGen       total 168960K, used 63040K [0x00000006c0c00000, 0x00000006cb100000, 0x000000076af00000)
  object space 168960K, 37% used [0x00000006c0c00000,0x00000006c4990020,0x00000006cb100000)
 Metaspace       used 104581K, capacity 109506K, committed 109696K, reserved 1148928K
  class space    used 10135K, capacity 11084K, committed 11136K, reserved 1048576K
Event: 13826.387 GC heap after
Heap after GC invocations=166 (full 15):
 PSYoungGen      total 190976K, used 10602K [0x000000076af00000, 0x0000000778200000, 0x00000007c0000000)
  eden space 178176K, 0% used [0x000000076af00000,0x000000076af00000,0x0000000775d00000)
  from space 12800K, 82% used [0x0000000775d00000,0x000000077675ab88,0x0000000776980000)
  to   space 13312K, 0% used [0x0000000777500000,0x0000000777500000,0x0000000778200000)
 ParOldGen       total 168960K, used 63048K [0x00000006c0c00000, 0x00000006cb100000, 0x000000076af00000)
  object space 168960K, 37% used [0x00000006c0c00000,0x00000006c4992020,0x00000006cb100000)
 Metaspace       used 104581K, capacity 109506K, committed 109696K, reserved 1148928K
  class space    used 10135K, capacity 11084K, committed 11136K, reserved 1048576K
}
Event: 13897.278 GC heap before
{Heap before GC invocations=167 (full 15):
 PSYoungGen      total 190976K, used 188778K [0x000000076af00000, 0x0000000778200000, 0x00000007c0000000)
  eden space 178176K, 100% used [0x000000076af00000,0x0000000775d00000,0x0000000775d00000)
  from space 12800K, 82% used [0x0000000775d00000,0x000000077675ab88,0x0000000776980000)
  to   space 13312K, 0% used [0x0000000777500000,0x0000000777500000,0x0000000778200000)
 ParOldGen       total 168960K, used 63048K [0x00000006c0c00000, 0x00000006cb100000, 0x000000076af00000)
  object space 168960K, 37% used [0x00000006c0c00000,0x00000006c4992020,0x00000006cb100000)
 Metaspace       used 105241K, capacity 110210K, committed 110336K, reserved 1148928K
  class space    used 10173K, capacity 11144K, committed 11264K, reserved 1048576K
Event: 13897.283 GC heap after
Heap after GC invocations=167 (full 15):
 PSYoungGen      total 200704K, used 12520K [0x000000076af00000, 0x0000000778200000, 0x00000007c0000000)
  eden space 187392K, 0% used [0x000000076af00000,0x000000076af00000,0x0000000776600000)
  from space 13312K, 94% used [0x0000000777500000,0x000000077813a118,0x0000000778200000)
  to   space 14336K, 0% used [0x0000000776600000,0x0000000776600000,0x0000000777400000)
 ParOldGen       total 168960K, used 63056K [0x00000006c0c00000, 0x00000006cb100000, 0x000000076af00000)
  object space 168960K, 37% used [0x00000006c0c00000,0x00000006c4994020,0x00000006cb100000)
 Metaspace       used 105241K, capacity 110210K, committed 110336K, reserved 1148928K
  class space    used 10173K, capacity 11144K, committed 11264K, reserved 1048576K
}
Event: 13929.098 GC heap before
{Heap before GC invocations=168 (full 15):
 PSYoungGen      total 200704K, used 77017K [0x000000076af00000, 0x0000000778200000, 0x00000007c0000000)
  eden space 187392K, 34% used [0x000000076af00000,0x000000076edfc608,0x0000000776600000)
  from space 13312K, 94% used [0x0000000777500000,0x000000077813a118,0x0000000778200000)
  to   space 14336K, 0% used [0x0000000776600000,0x0000000776600000,0x0000000777400000)
 ParOldGen       total 168960K, used 63056K [0x00000006c0c00000, 0x00000006cb100000, 0x000000076af00000)
  object space 168960K, 37% used [0x00000006c0c00000,0x00000006c4994020,0x00000006cb100000)
 Metaspace       used 105409K, capacity 110344K, committed 110592K, reserved 1148928K
  class space    used 10197K, capacity 11146K, committed 11264K, reserved 1048576K
Event: 13929.102 GC heap after
Heap after GC invocations=168 (full 15):
 PSYoungGen      total 201728K, used 10840K [0x000000076af00000, 0x0000000778300000, 0x00000007c0000000)
  eden space 187392K, 0% used [0x000000076af00000,0x000000076af00000,0x0000000776600000)
  from space 14336K, 75% used [0x0000000776600000,0x00000007770960d0,0x0000000777400000)
  to   space 14848K, 0% used [0x0000000777480000,0x0000000777480000,0x0000000778300000)
 ParOldGen       total 168960K, used 63064K [0x00000006c0c00000, 0x00000006cb100000, 0x000000076af00000)
  object space 168960K, 37% used [0x00000006c0c00000,0x00000006c4996020,0x00000006cb100000)
 Metaspace       used 105409K, capacity 110344K, committed 110592K, reserved 1148928K
  class space    used 10197K, capacity 11146K, committed 11264K, reserved 1048576K
}
Event: 13929.102 GC heap before
{Heap before GC invocations=169 (full 16):
 PSYoungGen      total 201728K, used 10840K [0x000000076af00000, 0x0000000778300000, 0x00000007c0000000)
  eden space 187392K, 0% used [0x000000076af00000,0x000000076af00000,0x0000000776600000)
  from space 14336K, 75% used [0x0000000776600000,0x00000007770960d0,0x0000000777400000)
  to   space 14848K, 0% used [0x0000000777480000,0x0000000777480000,0x0000000778300000)
 ParOldGen       total 168960K, used 63064K [0x00000006c0c00000, 0x00000006cb100000, 0x000000076af00000)
  object space 168960K, 37% used [0x00000006c0c00000,0x00000006c4996020,0x00000006cb100000)
 Metaspace       used 105409K, capacity 110344K, committed 110592K, reserved 1148928K
  class space    used 10197K, capacity 11146K, committed 11264K, reserved 1048576K

