# JRE version: Java(TM) SE Runtime Environment (8.0_65-b17) (build 1.8.0_65-b17)
# Java VM: Java HotSpot(TM) 64-Bit Server VM (25.65-b01 mixed mode windows-amd64 compressed oops)
Heap:
 PSYoungGen      total 297984K, used 3266K [0x000000076af00000, 0x000000077e700000, 0x00000007c0000000)
  eden space 285696K, 1% used [0x000000076af00000,0x000000076b230b60,0x000000077c600000)
  from space 12288K, 0% used [0x000000077c600000,0x000000077c600000,0x000000077d200000)
  to   space 16896K, 0% used [0x000000077d680000,0x000000077d680000,0x000000077e700000)
 ParOldGen       total 186368K, used 178519K [0x00000006c0c00000, 0x00000006cc200000, 0x000000076af00000)
  object space 186368K, 95% used [0x00000006c0c00000,0x00000006cba55ef0,0x00000006cc200000)
 Metaspace       used 242075K, capacity 249024K, committed 251264K, reserved 1282048K
  class space    used 17859K, capacity 19120K, committed 19584K, reserved 1048576K
GC Heap History (10 events):
Event: 24656.444 GC heap before
{Heap before GC invocations=538 (full 44):
 PSYoungGen      total 282112K, used 272929K [0x000000076af00000, 0x000000077de00000, 0x00000007c0000000)
  eden space 264192K, 100% used [0x000000076af00000,0x000000077b100000,0x000000077b100000)
  from space 17920K, 48% used [0x000000077b100000,0x000000077b988770,0x000000077c280000)
  to   space 17408K, 0% used [0x000000077cd00000,0x000000077cd00000,0x000000077de00000)
 ParOldGen       total 186368K, used 174213K [0x00000006c0c00000, 0x00000006cc200000, 0x000000076af00000)
  object space 186368K, 93% used [0x00000006c0c00000,0x00000006cb6216a0,0x00000006cc200000)
 Metaspace       used 241947K, capacity 249178K, committed 251008K, reserved 1280000K
  class space    used 17882K, capacity 19199K, committed 19584K, reserved 1048576K
Event: 24656.452 GC heap after
Heap after GC invocations=538 (full 44):
 PSYoungGen      total 293376K, used 11453K [0x000000076af00000, 0x000000077e000000, 0x00000007c0000000)
  eden space 275968K, 0% used [0x000000076af00000,0x000000076af00000,0x000000077bc80000)
  from space 17408K, 65% used [0x000000077cd00000,0x000000077d82f478,0x000000077de00000)
  to   space 16896K, 0% used [0x000000077bc80000,0x000000077bc80000,0x000000077cd00000)
 ParOldGen       total 186368K, used 174213K [0x00000006c0c00000, 0x00000006cc200000, 0x000000076af00000)
  object space 186368K, 93% used [0x00000006c0c00000,0x00000006cb6216a0,0x00000006cc200000)
 Metaspace       used 241947K, capacity 249178K, committed 251008K, reserved 1280000K
  class space    used 17882K, capacity 19199K, committed 19584K, reserved 1048576K
}
Event: 24700.913 GC heap before
{Heap before GC invocations=539 (full 44):
 PSYoungGen      total 293376K, used 287421K [0x000000076af00000, 0x000000077e000000, 0x00000007c0000000)
  eden space 275968K, 100% used [0x000000076af00000,0x000000077bc80000,0x000000077bc80000)
  from space 17408K, 65% used [0x000000077cd00000,0x000000077d82f478,0x000000077de00000)
  to   space 16896K, 0% used [0x000000077bc80000,0x000000077bc80000,0x000000077cd00000)
 ParOldGen       total 186368K, used 174213K [0x00000006c0c00000, 0x00000006cc200000, 0x000000076af00000)
  object space 186368K, 93% used [0x00000006c0c00000,0x00000006cb6216a0,0x00000006cc200000)
 Metaspace       used 242236K, capacity 249578K, committed 251264K, reserved 1282048K
  class space    used 17903K, capacity 19223K, committed 19584K, reserved 1048576K
Event: 24700.919 GC heap after
Heap after GC invocations=539 (full 44):
 PSYoungGen      total 292864K, used 12909K [0x000000076af00000, 0x000000077ea80000, 0x00000007c0000000)
  eden space 275968K, 0% used [0x000000076af00000,0x000000076af00000,0x000000077bc80000)
  from space 16896K, 76% used [0x000000077bc80000,0x000000077c91b5c8,0x000000077cd00000)
  to   space 17408K, 0% used [0x000000077d980000,0x000000077d980000,0x000000077ea80000)
 ParOldGen       total 186368K, used 174221K [0x00000006c0c00000, 0x00000006cc200000, 0x000000076af00000)
  object space 186368K, 93% used [0x00000006c0c00000,0x00000006cb6236a0,0x00000006cc200000)
 Metaspace       used 242236K, capacity 249578K, committed 251264K, reserved 1282048K
  class space    used 17903K, capacity 19223K, committed 19584K, reserved 1048576K
}
Event: 24773.311 GC heap before
{Heap before GC invocations=540 (full 44):
 PSYoungGen      total 292864K, used 288877K [0x000000076af00000, 0x000000077ea80000, 0x00000007c0000000)
  eden space 275968K, 100% used [0x000000076af00000,0x000000077bc80000,0x000000077bc80000)
  from space 16896K, 76% used [0x000000077bc80000,0x000000077c91b5c8,0x000000077cd00000)
  to   space 17408K, 0% used [0x000000077d980000,0x000000077d980000,0x000000077ea80000)
 ParOldGen       total 186368K, used 174221K [0x00000006c0c00000, 0x00000006cc200000, 0x000000076af00000)
  object space 186368K, 93% used [0x00000006c0c00000,0x00000006cb6236a0,0x00000006cc200000)
 Metaspace       used 242236K, capacity 249578K, committed 251264K, reserved 1282048K
  class space    used 17903K, capacity 19223K, committed 19584K, reserved 1048576K
Event: 24773.317 GC heap after
Heap after GC invocations=540 (full 44):
 PSYoungGen      total 300544K, used 13166K [0x000000076af00000, 0x000000077e800000, 0x00000007c0000000)
  eden space 285696K, 0% used [0x000000076af00000,0x000000076af00000,0x000000077c600000)
  from space 14848K, 88% used [0x000000077d980000,0x000000077e65bb90,0x000000077e800000)
  to   space 17408K, 0% used [0x000000077c600000,0x000000077c600000,0x000000077d700000)
 ParOldGen       total 186368K, used 174221K [0x00000006c0c00000, 0x00000006cc200000, 0x000000076af00000)
  object space 186368K, 93% used [0x00000006c0c00000,0x00000006cb6236a0,0x00000006cc200000)
 Metaspace       used 242236K, capacity 249578K, committed 251264K, reserved 1282048K
  class space    used 17903K, capacity 19223K, committed 19584K, reserved 1048576K
}
Event: 24799.667 GC heap before
{Heap before GC invocations=541 (full 44):
 PSYoungGen      total 300544K, used 118743K [0x000000076af00000, 0x000000077e800000, 0x00000007c0000000)
  eden space 285696K, 36% used [0x000000076af00000,0x000000077161a180,0x000000077c600000)
  from space 14848K, 88% used [0x000000077d980000,0x000000077e65bb90,0x000000077e800000)
  to   space 17408K, 0% used [0x000000077c600000,0x000000077c600000,0x000000077d700000)
 ParOldGen       total 186368K, used 174221K [0x00000006c0c00000, 0x00000006cc200000, 0x000000076af00000)
  object space 186368K, 93% used [0x00000006c0c00000,0x00000006cb6236a0,0x00000006cc200000)
 Metaspace       used 242465K, capacity 249648K, committed 251264K, reserved 1282048K
  class space    used 17916K, capacity 19225K, committed 19584K, reserved 1048576K
Event: 24799.673 GC heap after
Heap after GC invocations=541 (full 44):
 PSYoungGen      total 297984K, used 12078K [0x000000076af00000, 0x000000077e700000, 0x00000007c0000000)
  eden space 285696K, 0% used [0x000000076af00000,0x000000076af00000,0x000000077c600000)
  from space 12288K, 98% used [0x000000077c600000,0x000000077d1cbb10,0x000000077d200000)
  to   space 16896K, 0% used [0x000000077d680000,0x000000077d680000,0x000000077e700000)
 ParOldGen       total 186368K, used 174221K [0x00000006c0c00000, 0x00000006cc200000, 0x000000076af00000)
  object space 186368K, 93% used [0x00000006c0c00000,0x00000006cb6236a0,0x00000006cc200000)
 Metaspace       used 242465K, capacity 249648K, committed 251264K, reserved 1282048K
  class space    used 17916K, capacity 19225K, committed 19584K, reserved 1048576K
}
Event: 24799.673 GC heap before
{Heap before GC invocations=542 (full 45):
 PSYoungGen      total 297984K, used 12078K [0x000000076af00000, 0x000000077e700000, 0x00000007c0000000)
  eden space 285696K, 0% used [0x000000076af00000,0x000000076af00000,0x000000077c600000)
  from space 12288K, 98% used [0x000000077c600000,0x000000077d1cbb10,0x000000077d200000)
  to   space 16896K, 0% used [0x000000077d680000,0x000000077d680000,0x000000077e700000)
 ParOldGen       total 186368K, used 174221K [0x00000006c0c00000, 0x00000006cc200000, 0x000000076af00000)
  object space 186368K, 93% used [0x00000006c0c00000,0x00000006cb6236a0,0x00000006cc200000)
 Metaspace       used 242465K, capacity 249648K, committed 251264K, reserved 1282048K
  class space    used 17916K, capacity 19225K, committed 19584K, reserved 1048576K
Event: 24800.011 GC heap after
Heap after GC invocations=542 (full 45):
 PSYoungGen      total 297984K, used 0K [0x000000076af00000, 0x000000077e700000, 0x00000007c0000000)
  eden space 285696K, 0% used [0x000000076af00000,0x000000076af00000,0x000000077c600000)
  from space 12288K, 0% used [0x000000077c600000,0x000000077c600000,0x000000077d200000)
  to   space 16896K, 0% used [0x000000077d680000,0x000000077d680000,0x000000077e700000)
 ParOldGen       total 186368K, used 178519K [0x00000006c0c00000, 0x00000006cc200000, 0x000000076af00000)
  object space 186368K, 95% used [0x00000006c0c00000,0x00000006cba55ef0,0x00000006cc200000)
 Metaspace       used 242074K, capacity 249024K, committed 251264K, reserved 1282048K
  class space    used 17858K, capacity 19120K, committed 19584K, reserved 1048576K
}

