# JRE version: Java(TM) SE Runtime Environment (8.0_65-b17) (build 1.8.0_65-b17)
# Java VM: Java HotSpot(TM) 64-Bit Server VM (25.65-b01 mixed mode windows-amd64 compressed oops)
Heap:
 PSYoungGen      total 716800K, used 88150K [0x000000076af00000, 0x0000000798b00000, 0x00000007c0000000)
  eden space 697856K, 10% used [0x000000076af00000,0x000000076f68dd38,0x0000000795880000)
  from space 18944K, 78% used [0x0000000796b00000,0x0000000797987d98,0x0000000797d80000)
  to   space 18944K, 0% used [0x0000000795880000,0x0000000795880000,0x0000000796b00000)
 ParOldGen       total 209408K, used 77926K [0x00000006c0c00000, 0x00000006cd880000, 0x000000076af00000)
  object space 209408K, 37% used [0x00000006c0c00000,0x00000006c5819878,0x00000006cd880000)
 Metaspace       used 117252K, capacity 121408K, committed 121728K, reserved 1159168K
  class space    used 10660K, capacity 11522K, committed 11648K, reserved 1048576K
GC Heap History (10 events):
Event: 796.757 GC heap before
{Heap before GC invocations=48 (full 15):
 PSYoungGen      total 675840K, used 10463K [0x000000076af00000, 0x0000000796780000, 0x00000007c0000000)
  eden space 656896K, 0% used [0x000000076af00000,0x000000076af00000,0x0000000793080000)
  from space 18944K, 55% used [0x0000000793080000,0x0000000793ab7ec8,0x0000000794300000)
  to   space 18944K, 0% used [0x0000000795500000,0x0000000795500000,0x0000000796780000)
 ParOldGen       total 209408K, used 68371K [0x00000006c0c00000, 0x00000006cd880000, 0x000000076af00000)
  object space 209408K, 32% used [0x00000006c0c00000,0x00000006c4ec4e48,0x00000006cd880000)
 Metaspace       used 107742K, capacity 111768K, committed 112128K, reserved 1150976K
  class space    used 10125K, capacity 10959K, committed 11008K, reserved 1048576K
Event: 796.949 GC heap after
Heap after GC invocations=48 (full 15):
 PSYoungGen      total 675840K, used 0K [0x000000076af00000, 0x0000000796780000, 0x00000007c0000000)
  eden space 656896K, 0% used [0x000000076af00000,0x000000076af00000,0x0000000793080000)
  from space 18944K, 0% used [0x0000000793080000,0x0000000793080000,0x0000000794300000)
  to   space 18944K, 0% used [0x0000000795500000,0x0000000795500000,0x0000000796780000)
 ParOldGen       total 209408K, used 73192K [0x00000006c0c00000, 0x00000006cd880000, 0x000000076af00000)
  object space 209408K, 34% used [0x00000006c0c00000,0x00000006c537a2a8,0x00000006cd880000)
 Metaspace       used 107276K, capacity 111024K, committed 112128K, reserved 1150976K
  class space    used 10056K, capacity 10834K, committed 11008K, reserved 1048576K
}
Event: 802.888 GC heap before
{Heap before GC invocations=49 (full 15):
 PSYoungGen      total 675840K, used 656896K [0x000000076af00000, 0x0000000796780000, 0x00000007c0000000)
  eden space 656896K, 100% used [0x000000076af00000,0x0000000793080000,0x0000000793080000)
  from space 18944K, 0% used [0x0000000793080000,0x0000000793080000,0x0000000794300000)
  to   space 18944K, 0% used [0x0000000795500000,0x0000000795500000,0x0000000796780000)
 ParOldGen       total 209408K, used 73192K [0x00000006c0c00000, 0x00000006cd880000, 0x000000076af00000)
  object space 209408K, 34% used [0x00000006c0c00000,0x00000006c537a2a8,0x00000006cd880000)
 Metaspace       used 112530K, capacity 116636K, committed 116736K, reserved 1155072K
  class space    used 10392K, capacity 11256K, committed 11264K, reserved 1048576K
Event: 802.897 GC heap after
Heap after GC invocations=49 (full 15):
 PSYoungGen      total 694272K, used 14801K [0x000000076af00000, 0x0000000797d80000, 0x00000007c0000000)
  eden space 675328K, 0% used [0x000000076af00000,0x000000076af00000,0x0000000794280000)
  from space 18944K, 78% used [0x0000000795500000,0x00000007963744b0,0x0000000796780000)
  to   space 18944K, 0% used [0x0000000794280000,0x0000000794280000,0x0000000795500000)
 ParOldGen       total 209408K, used 73200K [0x00000006c0c00000, 0x00000006cd880000, 0x000000076af00000)
  object space 209408K, 34% used [0x00000006c0c00000,0x00000006c537c2a8,0x00000006cd880000)
 Metaspace       used 112530K, capacity 116636K, committed 116736K, reserved 1155072K
  class space    used 10392K, capacity 11256K, committed 11264K, reserved 1048576K
}
Event: 845.881 GC heap before
{Heap before GC invocations=50 (full 15):
 PSYoungGen      total 694272K, used 103782K [0x000000076af00000, 0x0000000797d80000, 0x00000007c0000000)
  eden space 675328K, 13% used [0x000000076af00000,0x00000007705e5488,0x0000000794280000)
  from space 18944K, 78% used [0x0000000795500000,0x00000007963744b0,0x0000000796780000)
  to   space 18944K, 0% used [0x0000000794280000,0x0000000794280000,0x0000000795500000)
 ParOldGen       total 209408K, used 73200K [0x00000006c0c00000, 0x00000006cd880000, 0x000000076af00000)
  object space 209408K, 34% used [0x00000006c0c00000,0x00000006c537c2a8,0x00000006cd880000)
 Metaspace       used 112533K, capacity 116642K, committed 116736K, reserved 1155072K
  class space    used 10393K, capacity 11258K, committed 11264K, reserved 1048576K
Event: 845.887 GC heap after
Heap after GC invocations=50 (full 15):
 PSYoungGen      total 694272K, used 10559K [0x000000076af00000, 0x0000000797d80000, 0x00000007c0000000)
  eden space 675328K, 0% used [0x000000076af00000,0x000000076af00000,0x0000000794280000)
  from space 18944K, 55% used [0x0000000794280000,0x0000000794ccfe68,0x0000000795500000)
  to   space 18944K, 0% used [0x0000000796b00000,0x0000000796b00000,0x0000000797d80000)
 ParOldGen       total 209408K, used 73200K [0x00000006c0c00000, 0x00000006cd880000, 0x000000076af00000)
  object space 209408K, 34% used [0x00000006c0c00000,0x00000006c537c2a8,0x00000006cd880000)
 Metaspace       used 112533K, capacity 116642K, committed 116736K, reserved 1155072K
  class space    used 10393K, capacity 11258K, committed 11264K, reserved 1048576K
}
Event: 845.887 GC heap before
{Heap before GC invocations=51 (full 16):
 PSYoungGen      total 694272K, used 10559K [0x000000076af00000, 0x0000000797d80000, 0x00000007c0000000)
  eden space 675328K, 0% used [0x000000076af00000,0x000000076af00000,0x0000000794280000)
  from space 18944K, 55% used [0x0000000794280000,0x0000000794ccfe68,0x0000000795500000)
  to   space 18944K, 0% used [0x0000000796b00000,0x0000000796b00000,0x0000000797d80000)
 ParOldGen       total 209408K, used 73200K [0x00000006c0c00000, 0x00000006cd880000, 0x000000076af00000)
  object space 209408K, 34% used [0x00000006c0c00000,0x00000006c537c2a8,0x00000006cd880000)
 Metaspace       used 112533K, capacity 116642K, committed 116736K, reserved 1155072K
  class space    used 10393K, capacity 11258K, committed 11264K, reserved 1048576K
Event: 846.103 GC heap after
Heap after GC invocations=51 (full 16):
 PSYoungGen      total 694272K, used 0K [0x000000076af00000, 0x0000000797d80000, 0x00000007c0000000)
  eden space 675328K, 0% used [0x000000076af00000,0x000000076af00000,0x0000000794280000)
  from space 18944K, 0% used [0x0000000794280000,0x0000000794280000,0x0000000795500000)
  to   space 18944K, 0% used [0x0000000796b00000,0x0000000796b00000,0x0000000797d80000)
 ParOldGen       total 209408K, used 77918K [0x00000006c0c00000, 0x00000006cd880000, 0x000000076af00000)
  object space 209408K, 37% used [0x00000006c0c00000,0x00000006c5817878,0x00000006cd880000)
 Metaspace       used 112066K, capacity 115898K, committed 116736K, reserved 1155072K
  class space    used 10324K, capacity 11133K, committed 11264K, reserved 1048576K
}
Event: 857.670 GC heap before
{Heap before GC invocations=52 (full 16):
 PSYoungGen      total 694272K, used 675328K [0x000000076af00000, 0x0000000797d80000, 0x00000007c0000000)
  eden space 675328K, 100% used [0x000000076af00000,0x0000000794280000,0x0000000794280000)
  from space 18944K, 0% used [0x0000000794280000,0x0000000794280000,0x0000000795500000)
  to   space 18944K, 0% used [0x0000000796b00000,0x0000000796b00000,0x0000000797d80000)
 ParOldGen       total 209408K, used 77918K [0x00000006c0c00000, 0x00000006cd880000, 0x000000076af00000)
  object space 209408K, 37% used [0x00000006c0c00000,0x00000006c5817878,0x00000006cd880000)
 Metaspace       used 117244K, capacity 121408K, committed 121728K, reserved 1159168K
  class space    used 10657K, capacity 11522K, committed 11648K, reserved 1048576K
Event: 857.678 GC heap after
Heap after GC invocations=52 (full 16):
 PSYoungGen      total 716800K, used 14879K [0x000000076af00000, 0x0000000798b00000, 0x00000007c0000000)
  eden space 697856K, 0% used [0x000000076af00000,0x000000076af00000,0x0000000795880000)
  from space 18944K, 78% used [0x0000000796b00000,0x0000000797987d98,0x0000000797d80000)
  to   space 18944K, 0% used [0x0000000795880000,0x0000000795880000,0x0000000796b00000)
 ParOldGen       total 209408K, used 77926K [0x00000006c0c00000, 0x00000006cd880000, 0x000000076af00000)
  object space 209408K, 37% used [0x00000006c0c00000,0x00000006c5819878,0x00000006cd880000)
 Metaspace       used 117244K, capacity 121408K, committed 121728K, reserved 1159168K
  class space    used 10657K, capacity 11522K, committed 11648K, reserved 1048576K
}

