# JRE version: Java(TM) SE Runtime Environment (8.0_65-b17) (build 1.8.0_65-b17)
# Java VM: Java HotSpot(TM) 64-Bit Server VM (25.65-b01 mixed mode windows-amd64 compressed oops)
Heap:
 PSYoungGen      total 427520K, used 12319K [0x000000076af00000, 0x0000000789500000, 0x00000007c0000000)
  eden space 407552K, 0% used [0x000000076af00000,0x000000076af00000,0x0000000783d00000)
  from space 19968K, 61% used [0x0000000783d00000,0x0000000784907c80,0x0000000785080000)
  to   space 19456K, 0% used [0x0000000788200000,0x0000000788200000,0x0000000789500000)
 ParOldGen       total 222208K, used 36189K [0x00000006c0c00000, 0x00000006ce500000, 0x000000076af00000)
  object space 222208K, 16% used [0x00000006c0c00000,0x00000006c2f57540,0x00000006ce500000)
 Metaspace       used 70577K, capacity 73764K, committed 73856K, reserved 1114112K
  class space    used 7948K, capacity 8521K, committed 8576K, reserved 1048576K
GC Heap History (10 events):
Event: 295.125 GC heap after
Heap after GC invocations=18 (full 4):
 PSYoungGen      total 421888K, used 14368K [0x000000076af00000, 0x0000000786a80000, 0x00000007c0000000)
  eden space 407040K, 0% used [0x000000076af00000,0x000000076af00000,0x0000000783c80000)
  from space 14848K, 96% used [0x0000000785c00000,0x0000000786a08320,0x0000000786a80000)
  to   space 20992K, 0% used [0x0000000784180000,0x0000000784180000,0x0000000785600000)
 ParOldGen       total 222208K, used 31481K [0x00000006c0c00000, 0x00000006ce500000, 0x000000076af00000)
  object space 222208K, 14% used [0x00000006c0c00000,0x00000006c2abe530,0x00000006ce500000)
 Metaspace       used 65532K, capacity 68560K, committed 68736K, reserved 1110016K
  class space    used 7679K, capacity 8235K, committed 8320K, reserved 1048576K
}
Event: 432.984 GC heap before
{Heap before GC invocations=19 (full 4):
 PSYoungGen      total 421888K, used 205328K [0x000000076af00000, 0x0000000786a80000, 0x00000007c0000000)
  eden space 407040K, 46% used [0x000000076af00000,0x000000077697bec8,0x0000000783c80000)
  from space 14848K, 96% used [0x0000000785c00000,0x0000000786a08320,0x0000000786a80000)
  to   space 20992K, 0% used [0x0000000784180000,0x0000000784180000,0x0000000785600000)
 ParOldGen       total 222208K, used 31481K [0x00000006c0c00000, 0x00000006ce500000, 0x000000076af00000)
  object space 222208K, 14% used [0x00000006c0c00000,0x00000006c2abe530,0x00000006ce500000)
 Metaspace       used 65536K, capacity 68566K, committed 68736K, reserved 1110016K
  class space    used 7680K, capacity 8237K, committed 8320K, reserved 1048576K
Event: 432.993 GC heap after
Heap after GC invocations=19 (full 4):
 PSYoungGen      total 419840K, used 12382K [0x000000076af00000, 0x0000000786480000, 0x00000007c0000000)
  eden space 407040K, 0% used [0x000000076af00000,0x000000076af00000,0x0000000783c80000)
  from space 12800K, 96% used [0x0000000784180000,0x0000000784d97b40,0x0000000784e00000)
  to   space 20480K, 0% used [0x0000000785080000,0x0000000785080000,0x0000000786480000)
 ParOldGen       total 222208K, used 31489K [0x00000006c0c00000, 0x00000006ce500000, 0x000000076af00000)
  object space 222208K, 14% used [0x00000006c0c00000,0x00000006c2ac0530,0x00000006ce500000)
 Metaspace       used 65536K, capacity 68566K, committed 68736K, reserved 1110016K
  class space    used 7680K, capacity 8237K, committed 8320K, reserved 1048576K
}
Event: 432.993 GC heap before
{Heap before GC invocations=20 (full 5):
 PSYoungGen      total 419840K, used 12382K [0x000000076af00000, 0x0000000786480000, 0x00000007c0000000)
  eden space 407040K, 0% used [0x000000076af00000,0x000000076af00000,0x0000000783c80000)
  from space 12800K, 96% used [0x0000000784180000,0x0000000784d97b40,0x0000000784e00000)
  to   space 20480K, 0% used [0x0000000785080000,0x0000000785080000,0x0000000786480000)
 ParOldGen       total 222208K, used 31489K [0x00000006c0c00000, 0x00000006ce500000, 0x000000076af00000)
  object space 222208K, 14% used [0x00000006c0c00000,0x00000006c2ac0530,0x00000006ce500000)
 Metaspace       used 65536K, capacity 68566K, committed 68736K, reserved 1110016K
  class space    used 7680K, capacity 8237K, committed 8320K, reserved 1048576K
Event: 433.141 GC heap after
Heap after GC invocations=20 (full 5):
 PSYoungGen      total 419840K, used 0K [0x000000076af00000, 0x0000000786480000, 0x00000007c0000000)
  eden space 407040K, 0% used [0x000000076af00000,0x000000076af00000,0x0000000783c80000)
  from space 12800K, 0% used [0x0000000784180000,0x0000000784180000,0x0000000784e00000)
  to   space 20480K, 0% used [0x0000000785080000,0x0000000785080000,0x0000000786480000)
 ParOldGen       total 222208K, used 36173K [0x00000006c0c00000, 0x00000006ce500000, 0x000000076af00000)
  object space 222208K, 16% used [0x00000006c0c00000,0x00000006c2f53540,0x00000006ce500000)
 Metaspace       used 65129K, capacity 67918K, committed 68736K, reserved 1110016K
  class space    used 7620K, capacity 8128K, committed 8320K, reserved 1048576K
}
Event: 436.136 GC heap before
{Heap before GC invocations=21 (full 5):
 PSYoungGen      total 419840K, used 407040K [0x000000076af00000, 0x0000000786480000, 0x00000007c0000000)
  eden space 407040K, 100% used [0x000000076af00000,0x0000000783c80000,0x0000000783c80000)
  from space 12800K, 0% used [0x0000000784180000,0x0000000784180000,0x0000000784e00000)
  to   space 20480K, 0% used [0x0000000785080000,0x0000000785080000,0x0000000786480000)
 ParOldGen       total 222208K, used 36173K [0x00000006c0c00000, 0x00000006ce500000, 0x000000076af00000)
  object space 222208K, 16% used [0x00000006c0c00000,0x00000006c2f53540,0x00000006ce500000)
 Metaspace       used 67209K, capacity 70140K, committed 70656K, reserved 1112064K
  class space    used 7772K, capacity 8299K, committed 8448K, reserved 1048576K
Event: 436.142 GC heap after
Heap after GC invocations=21 (full 5):
 PSYoungGen      total 428032K, used 10431K [0x000000076af00000, 0x0000000789600000, 0x00000007c0000000)
  eden space 407552K, 0% used [0x000000076af00000,0x000000076af00000,0x0000000783d00000)
  from space 20480K, 50% used [0x0000000785080000,0x0000000785aaffb8,0x0000000786480000)
  to   space 19968K, 0% used [0x0000000783d00000,0x0000000783d00000,0x0000000785080000)
 ParOldGen       total 222208K, used 36181K [0x00000006c0c00000, 0x00000006ce500000, 0x000000076af00000)
  object space 222208K, 16% used [0x00000006c0c00000,0x00000006c2f55540,0x00000006ce500000)
 Metaspace       used 67209K, capacity 70140K, committed 70656K, reserved 1112064K
  class space    used 7772K, capacity 8299K, committed 8448K, reserved 1048576K
}
Event: 469.794 GC heap before
{Heap before GC invocations=22 (full 5):
 PSYoungGen      total 428032K, used 313786K [0x000000076af00000, 0x0000000789600000, 0x00000007c0000000)
  eden space 407552K, 74% used [0x000000076af00000,0x000000077d73ec30,0x0000000783d00000)
  from space 20480K, 50% used [0x0000000785080000,0x0000000785aaffb8,0x0000000786480000)
  to   space 19968K, 0% used [0x0000000783d00000,0x0000000783d00000,0x0000000785080000)
 ParOldGen       total 222208K, used 36181K [0x00000006c0c00000, 0x00000006ce500000, 0x000000076af00000)
  object space 222208K, 16% used [0x00000006c0c00000,0x00000006c2f55540,0x00000006ce500000)
 Metaspace       used 70577K, capacity 73764K, committed 73856K, reserved 1114112K
  class space    used 7948K, capacity 8521K, committed 8576K, reserved 1048576K
Event: 469.804 GC heap after
Heap after GC invocations=22 (full 5):
 PSYoungGen      total 427520K, used 12319K [0x000000076af00000, 0x0000000789500000, 0x00000007c0000000)
  eden space 407552K, 0% used [0x000000076af00000,0x000000076af00000,0x0000000783d00000)
  from space 19968K, 61% used [0x0000000783d00000,0x0000000784907c80,0x0000000785080000)
  to   space 19456K, 0% used [0x0000000788200000,0x0000000788200000,0x0000000789500000)
 ParOldGen       total 222208K, used 36189K [0x00000006c0c00000, 0x00000006ce500000, 0x000000076af00000)
  object space 222208K, 16% used [0x00000006c0c00000,0x00000006c2f57540,0x00000006ce500000)
 Metaspace       used 70577K, capacity 73764K, committed 73856K, reserved 1114112K
  class space    used 7948K, capacity 8521K, committed 8576K, reserved 1048576K
}
Event: 469.804 GC heap before
{Heap before GC invocations=23 (full 6):
 PSYoungGen      total 427520K, used 12319K [0x000000076af00000, 0x0000000789500000, 0x00000007c0000000)
  eden space 407552K, 0% used [0x000000076af00000,0x000000076af00000,0x0000000783d00000)
  from space 19968K, 61% used [0x0000000783d00000,0x0000000784907c80,0x0000000785080000)
  to   space 19456K, 0% used [0x0000000788200000,0x0000000788200000,0x0000000789500000)
 ParOldGen       total 222208K, used 36189K [0x00000006c0c00000, 0x00000006ce500000, 0x000000076af00000)
  object space 222208K, 16% used [0x00000006c0c00000,0x00000006c2f57540,0x00000006ce500000)
 Metaspace       used 70577K, capacity 73764K, committed 73856K, reserved 1114112K
  class space    used 7948K, capacity 8521K, committed 8576K, reserved 1048576K

