# JRE version: Java(TM) SE Runtime Environment (8.0_65-b17) (build 1.8.0_65-b17)
# Java VM: Java HotSpot(TM) 64-Bit Server VM (25.65-b01 mixed mode windows-amd64 compressed oops)
Heap:
 PSYoungGen      total 590848K, used 337461K [0x000000076af00000, 0x0000000791880000, 0x00000007c0000000)
  eden space 578048K, 56% used [0x000000076af00000,0x000000077ec1d908,0x000000078e380000)
  from space 12800K, 99% used [0x0000000790c00000,0x000000079186fb78,0x0000000791880000)
  to   space 16384K, 0% used [0x000000078f880000,0x000000078f880000,0x0000000790880000)
 ParOldGen       total 127488K, used 102368K [0x00000006c0c00000, 0x00000006c8880000, 0x000000076af00000)
  object space 127488K, 80% used [0x00000006c0c00000,0x00000006c6ff8060,0x00000006c8880000)
 Metaspace       used 133714K, capacity 139106K, committed 139392K, reserved 1175552K
  class space    used 11581K, capacity 12566K, committed 12672K, reserved 1048576K
GC Heap History (10 events):
Event: 2532.497 GC heap before
{Heap before GC invocations=75 (full 24):
 PSYoungGen      total 614400K, used 8780K [0x000000076af00000, 0x0000000791c80000, 0x00000007c0000000)
  eden space 598016K, 0% used [0x000000076af00000,0x000000076af00000,0x000000078f700000)
  from space 16384K, 53% used [0x000000078f700000,0x000000078ff93110,0x0000000790700000)
  to   space 16384K, 0% used [0x0000000790c80000,0x0000000790c80000,0x0000000791c80000)
 ParOldGen       total 127488K, used 95518K [0x00000006c0c00000, 0x00000006c8880000, 0x000000076af00000)
  object space 127488K, 74% used [0x00000006c0c00000,0x00000006c6947a38,0x00000006c8880000)
 Metaspace       used 126625K, capacity 132006K, committed 132352K, reserved 1169408K
  class space    used 11180K, capacity 12164K, committed 12288K, reserved 1048576K
Event: 2532.830 GC heap after
Heap after GC invocations=75 (full 24):
 PSYoungGen      total 614400K, used 0K [0x000000076af00000, 0x0000000791c80000, 0x00000007c0000000)
  eden space 598016K, 0% used [0x000000076af00000,0x000000076af00000,0x000000078f700000)
  from space 16384K, 0% used [0x000000078f700000,0x000000078f700000,0x0000000790700000)
  to   space 16384K, 0% used [0x0000000790c80000,0x0000000790c80000,0x0000000791c80000)
 ParOldGen       total 127488K, used 98916K [0x00000006c0c00000, 0x00000006c8880000, 0x000000076af00000)
  object space 127488K, 77% used [0x00000006c0c00000,0x00000006c6c99258,0x00000006c8880000)
 Metaspace       used 126365K, capacity 131592K, committed 132352K, reserved 1169408K
  class space    used 11142K, capacity 12094K, committed 12288K, reserved 1048576K
}
Event: 2556.863 GC heap before
{Heap before GC invocations=76 (full 24):
 PSYoungGen      total 614400K, used 598016K [0x000000076af00000, 0x0000000791c80000, 0x00000007c0000000)
  eden space 598016K, 100% used [0x000000076af00000,0x000000078f700000,0x000000078f700000)
  from space 16384K, 0% used [0x000000078f700000,0x000000078f700000,0x0000000790700000)
  to   space 16384K, 0% used [0x0000000790c80000,0x0000000790c80000,0x0000000791c80000)
 ParOldGen       total 127488K, used 98916K [0x00000006c0c00000, 0x00000006c8880000, 0x000000076af00000)
  object space 127488K, 77% used [0x00000006c0c00000,0x00000006c6c99258,0x00000006c8880000)
 Metaspace       used 130004K, capacity 135358K, committed 135552K, reserved 1173504K
  class space    used 11375K, capacity 12363K, committed 12416K, reserved 1048576K
Event: 2556.870 GC heap after
Heap after GC invocations=76 (full 24):
 PSYoungGen      total 619008K, used 12782K [0x000000076af00000, 0x0000000791c00000, 0x00000007c0000000)
  eden space 603136K, 0% used [0x000000076af00000,0x000000076af00000,0x000000078fc00000)
  from space 15872K, 80% used [0x0000000790c80000,0x00000007918fb928,0x0000000791c00000)
  to   space 16384K, 0% used [0x000000078fc00000,0x000000078fc00000,0x0000000790c00000)
 ParOldGen       total 127488K, used 98924K [0x00000006c0c00000, 0x00000006c8880000, 0x000000076af00000)
  object space 127488K, 77% used [0x00000006c0c00000,0x00000006c6c9b258,0x00000006c8880000)
 Metaspace       used 130004K, capacity 135358K, committed 135552K, reserved 1173504K
  class space    used 11375K, capacity 12363K, committed 12416K, reserved 1048576K
}
Event: 2621.472 GC heap before
{Heap before GC invocations=77 (full 24):
 PSYoungGen      total 619008K, used 109863K [0x000000076af00000, 0x0000000791c00000, 0x00000007c0000000)
  eden space 603136K, 16% used [0x000000076af00000,0x0000000770dce588,0x000000078fc00000)
  from space 15872K, 80% used [0x0000000790c80000,0x00000007918fb928,0x0000000791c00000)
  to   space 16384K, 0% used [0x000000078fc00000,0x000000078fc00000,0x0000000790c00000)
 ParOldGen       total 127488K, used 98924K [0x00000006c0c00000, 0x00000006c8880000, 0x000000076af00000)
  object space 127488K, 77% used [0x00000006c0c00000,0x00000006c6c9b258,0x00000006c8880000)
 Metaspace       used 130374K, capacity 135748K, committed 135808K, reserved 1173504K
  class space    used 11388K, capacity 12365K, committed 12416K, reserved 1048576K
Event: 2621.476 GC heap after
Heap after GC invocations=77 (full 24):
 PSYoungGen      total 619520K, used 8817K [0x000000076af00000, 0x0000000791c00000, 0x00000007c0000000)
  eden space 603136K, 0% used [0x000000076af00000,0x000000076af00000,0x000000078fc00000)
  from space 16384K, 53% used [0x000000078fc00000,0x000000079049c730,0x0000000790c00000)
  to   space 16384K, 0% used [0x0000000790c00000,0x0000000790c00000,0x0000000791c00000)
 ParOldGen       total 127488K, used 98924K [0x00000006c0c00000, 0x00000006c8880000, 0x000000076af00000)
  object space 127488K, 77% used [0x00000006c0c00000,0x00000006c6c9b258,0x00000006c8880000)
 Metaspace       used 130374K, capacity 135748K, committed 135808K, reserved 1173504K
  class space    used 11388K, capacity 12365K, committed 12416K, reserved 1048576K
}
Event: 2621.476 GC heap before
{Heap before GC invocations=78 (full 25):
 PSYoungGen      total 619520K, used 8817K [0x000000076af00000, 0x0000000791c00000, 0x00000007c0000000)
  eden space 603136K, 0% used [0x000000076af00000,0x000000076af00000,0x000000078fc00000)
  from space 16384K, 53% used [0x000000078fc00000,0x000000079049c730,0x0000000790c00000)
  to   space 16384K, 0% used [0x0000000790c00000,0x0000000790c00000,0x0000000791c00000)
 ParOldGen       total 127488K, used 98924K [0x00000006c0c00000, 0x00000006c8880000, 0x000000076af00000)
  object space 127488K, 77% used [0x00000006c0c00000,0x00000006c6c9b258,0x00000006c8880000)
 Metaspace       used 130374K, capacity 135748K, committed 135808K, reserved 1173504K
  class space    used 11388K, capacity 12365K, committed 12416K, reserved 1048576K
Event: 2621.779 GC heap after
Heap after GC invocations=78 (full 25):
 PSYoungGen      total 619520K, used 0K [0x000000076af00000, 0x0000000791c00000, 0x00000007c0000000)
  eden space 603136K, 0% used [0x000000076af00000,0x000000076af00000,0x000000078fc00000)
  from space 16384K, 0% used [0x000000078fc00000,0x000000078fc00000,0x0000000790c00000)
  to   space 16384K, 0% used [0x0000000790c00000,0x0000000790c00000,0x0000000791c00000)
 ParOldGen       total 127488K, used 102360K [0x00000006c0c00000, 0x00000006c8880000, 0x000000076af00000)
  object space 127488K, 80% used [0x00000006c0c00000,0x00000006c6ff6060,0x00000006c8880000)
 Metaspace       used 130115K, capacity 135334K, committed 135808K, reserved 1173504K
  class space    used 11349K, capacity 12295K, committed 12416K, reserved 1048576K
}
Event: 2650.313 GC heap before
{Heap before GC invocations=79 (full 25):
 PSYoungGen      total 619520K, used 603136K [0x000000076af00000, 0x0000000791c00000, 0x00000007c0000000)
  eden space 603136K, 100% used [0x000000076af00000,0x000000078fc00000,0x000000078fc00000)
  from space 16384K, 0% used [0x000000078fc00000,0x000000078fc00000,0x0000000790c00000)
  to   space 16384K, 0% used [0x0000000790c00000,0x0000000790c00000,0x0000000791c00000)
 ParOldGen       total 127488K, used 102360K [0x00000006c0c00000, 0x00000006c8880000, 0x000000076af00000)
  object space 127488K, 80% used [0x00000006c0c00000,0x00000006c6ff6060,0x00000006c8880000)
 Metaspace       used 133560K, capacity 138972K, committed 139136K, reserved 1175552K
  class space    used 11571K, capacity 12564K, committed 12672K, reserved 1048576K
Event: 2650.320 GC heap after
Heap after GC invocations=79 (full 25):
 PSYoungGen      total 590848K, used 12734K [0x000000076af00000, 0x0000000791880000, 0x00000007c0000000)
  eden space 578048K, 0% used [0x000000076af00000,0x000000076af00000,0x000000078e380000)
  from space 12800K, 99% used [0x0000000790c00000,0x000000079186fb78,0x0000000791880000)
  to   space 16384K, 0% used [0x000000078f880000,0x000000078f880000,0x0000000790880000)
 ParOldGen       total 127488K, used 102368K [0x00000006c0c00000, 0x00000006c8880000, 0x000000076af00000)
  object space 127488K, 80% used [0x00000006c0c00000,0x00000006c6ff8060,0x00000006c8880000)
 Metaspace       used 133560K, capacity 138972K, committed 139136K, reserved 1175552K
  class space    used 11571K, capacity 12564K, committed 12672K, reserved 1048576K
}

