# JRE version: Java(TM) SE Runtime Environment (8.0_65-b17) (build 1.8.0_65-b17)
# Java VM: Java HotSpot(TM) 64-Bit Server VM (25.65-b01 mixed mode windows-amd64 compressed oops)
Heap:
 PSYoungGen      total 1250816K, used 847564K [0x000000076af00000, 0x00000007b8b00000, 0x00000007c0000000)
  eden space 1227776K, 69% used [0x000000076af00000,0x000000079eab3388,0x00000007b5e00000)
  from space 23040K, 0% used [0x00000007b7480000,0x00000007b7480000,0x00000007b8b00000)
  to   space 23040K, 0% used [0x00000007b5e00000,0x00000007b5e00000,0x00000007b7480000)
 ParOldGen       total 182784K, used 91633K [0x00000006c0c00000, 0x00000006cbe80000, 0x000000076af00000)
  object space 182784K, 50% used [0x00000006c0c00000,0x00000006c657c538,0x00000006cbe80000)
 Metaspace       used 128758K, capacity 133674K, committed 133760K, reserved 1171456K
  class space    used 11412K, capacity 12393K, committed 12416K, reserved 1048576K
GC Heap History (10 events):
Event: 3323.582 GC heap before
{Heap before GC invocations=46 (full 14):
 PSYoungGen      total 1251328K, used 14581K [0x000000076af00000, 0x00000007b8c00000, 0x00000007c0000000)
  eden space 1227776K, 0% used [0x000000076af00000,0x000000076af00000,0x00000007b5e00000)
  from space 23552K, 61% used [0x00000007b7500000,0x00000007b833d4f8,0x00000007b8c00000)
  to   space 23552K, 0% used [0x00000007b5e00000,0x00000007b5e00000,0x00000007b7500000)
 ParOldGen       total 182784K, used 76947K [0x00000006c0c00000, 0x00000006cbe80000, 0x000000076af00000)
  object space 182784K, 42% used [0x00000006c0c00000,0x00000006c5724f28,0x00000006cbe80000)
 Metaspace       used 113296K, capacity 117976K, committed 118272K, reserved 1157120K
  class space    used 10543K, capacity 11419K, committed 11520K, reserved 1048576K
Event: 3323.797 GC heap after
Heap after GC invocations=46 (full 14):
 PSYoungGen      total 1251328K, used 0K [0x000000076af00000, 0x00000007b8c00000, 0x00000007c0000000)
  eden space 1227776K, 0% used [0x000000076af00000,0x000000076af00000,0x00000007b5e00000)
  from space 23552K, 0% used [0x00000007b7500000,0x00000007b7500000,0x00000007b8c00000)
  to   space 23552K, 0% used [0x00000007b5e00000,0x00000007b5e00000,0x00000007b7500000)
 ParOldGen       total 182784K, used 81845K [0x00000006c0c00000, 0x00000006cbe80000, 0x000000076af00000)
  object space 182784K, 44% used [0x00000006c0c00000,0x00000006c5bed728,0x00000006cbe80000)
 Metaspace       used 112832K, capacity 117240K, committed 118272K, reserved 1157120K
  class space    used 10474K, capacity 11294K, committed 11520K, reserved 1048576K
}
Event: 3370.368 GC heap before
{Heap before GC invocations=47 (full 14):
 PSYoungGen      total 1251328K, used 820801K [0x000000076af00000, 0x00000007b8c00000, 0x00000007c0000000)
  eden space 1227776K, 66% used [0x000000076af00000,0x000000079d090480,0x00000007b5e00000)
  from space 23552K, 0% used [0x00000007b7500000,0x00000007b7500000,0x00000007b8c00000)
  to   space 23552K, 0% used [0x00000007b5e00000,0x00000007b5e00000,0x00000007b7500000)
 ParOldGen       total 182784K, used 81845K [0x00000006c0c00000, 0x00000006cbe80000, 0x000000076af00000)
  object space 182784K, 44% used [0x00000006c0c00000,0x00000006c5bed728,0x00000006cbe80000)
 Metaspace       used 118476K, capacity 123234K, committed 123392K, reserved 1161216K
  class space    used 10838K, capacity 11766K, committed 11776K, reserved 1048576K
Event: 3370.378 GC heap after
Heap after GC invocations=47 (full 14):
 PSYoungGen      total 1242624K, used 14528K [0x000000076af00000, 0x00000007b8b00000, 0x00000007c0000000)
  eden space 1227776K, 0% used [0x000000076af00000,0x000000076af00000,0x00000007b5e00000)
  from space 14848K, 97% used [0x00000007b5e00000,0x00000007b6c30118,0x00000007b6c80000)
  to   space 23040K, 0% used [0x00000007b7480000,0x00000007b7480000,0x00000007b8b00000)
 ParOldGen       total 182784K, used 81853K [0x00000006c0c00000, 0x00000006cbe80000, 0x000000076af00000)
  object space 182784K, 44% used [0x00000006c0c00000,0x00000006c5bef728,0x00000006cbe80000)
 Metaspace       used 118476K, capacity 123234K, committed 123392K, reserved 1161216K
  class space    used 10838K, capacity 11766K, committed 11776K, reserved 1048576K
}
Event: 3370.378 GC heap before
{Heap before GC invocations=48 (full 15):
 PSYoungGen      total 1242624K, used 14528K [0x000000076af00000, 0x00000007b8b00000, 0x00000007c0000000)
  eden space 1227776K, 0% used [0x000000076af00000,0x000000076af00000,0x00000007b5e00000)
  from space 14848K, 97% used [0x00000007b5e00000,0x00000007b6c30118,0x00000007b6c80000)
  to   space 23040K, 0% used [0x00000007b7480000,0x00000007b7480000,0x00000007b8b00000)
 ParOldGen       total 182784K, used 81853K [0x00000006c0c00000, 0x00000006cbe80000, 0x000000076af00000)
  object space 182784K, 44% used [0x00000006c0c00000,0x00000006c5bef728,0x00000006cbe80000)
 Metaspace       used 118476K, capacity 123234K, committed 123392K, reserved 1161216K
  class space    used 10838K, capacity 11766K, committed 11776K, reserved 1048576K
Event: 3370.630 GC heap after
Heap after GC invocations=48 (full 15):
 PSYoungGen      total 1242624K, used 0K [0x000000076af00000, 0x00000007b8b00000, 0x00000007c0000000)
  eden space 1227776K, 0% used [0x000000076af00000,0x000000076af00000,0x00000007b5e00000)
  from space 14848K, 0% used [0x00000007b5e00000,0x00000007b5e00000,0x00000007b6c80000)
  to   space 23040K, 0% used [0x00000007b7480000,0x00000007b7480000,0x00000007b8b00000)
 ParOldGen       total 182784K, used 86732K [0x00000006c0c00000, 0x00000006cbe80000, 0x000000076af00000)
  object space 182784K, 47% used [0x00000006c0c00000,0x00000006c60b3258,0x00000006cbe80000)
 Metaspace       used 118012K, capacity 122498K, committed 123392K, reserved 1161216K
  class space    used 10769K, capacity 11641K, committed 11776K, reserved 1048576K
}
Event: 3407.588 GC heap before
{Heap before GC invocations=49 (full 15):
 PSYoungGen      total 1242624K, used 814956K [0x000000076af00000, 0x00000007b8b00000, 0x00000007c0000000)
  eden space 1227776K, 66% used [0x000000076af00000,0x000000079cadb1a0,0x00000007b5e00000)
  from space 14848K, 0% used [0x00000007b5e00000,0x00000007b5e00000,0x00000007b6c80000)
  to   space 23040K, 0% used [0x00000007b7480000,0x00000007b7480000,0x00000007b8b00000)
 ParOldGen       total 182784K, used 86732K [0x00000006c0c00000, 0x00000006cbe80000, 0x000000076af00000)
  object space 182784K, 47% used [0x00000006c0c00000,0x00000006c60b3258,0x00000006cbe80000)
 Metaspace       used 123613K, capacity 128454K, committed 128640K, reserved 1165312K
  class space    used 11124K, capacity 12080K, committed 12160K, reserved 1048576K
Event: 3407.597 GC heap after
Heap after GC invocations=49 (full 15):
 PSYoungGen      total 1250816K, used 14496K [0x000000076af00000, 0x00000007b8b00000, 0x00000007c0000000)
  eden space 1227776K, 0% used [0x000000076af00000,0x000000076af00000,0x00000007b5e00000)
  from space 23040K, 62% used [0x00000007b7480000,0x00000007b82a8118,0x00000007b8b00000)
  to   space 23040K, 0% used [0x00000007b5e00000,0x00000007b5e00000,0x00000007b7480000)
 ParOldGen       total 182784K, used 86740K [0x00000006c0c00000, 0x00000006cbe80000, 0x000000076af00000)
  object space 182784K, 47% used [0x00000006c0c00000,0x00000006c60b5258,0x00000006cbe80000)
 Metaspace       used 123613K, capacity 128454K, committed 128640K, reserved 1165312K
  class space    used 11124K, capacity 12080K, committed 12160K, reserved 1048576K
}
Event: 3407.597 GC heap before
{Heap before GC invocations=50 (full 16):
 PSYoungGen      total 1250816K, used 14496K [0x000000076af00000, 0x00000007b8b00000, 0x00000007c0000000)
  eden space 1227776K, 0% used [0x000000076af00000,0x000000076af00000,0x00000007b5e00000)
  from space 23040K, 62% used [0x00000007b7480000,0x00000007b82a8118,0x00000007b8b00000)
  to   space 23040K, 0% used [0x00000007b5e00000,0x00000007b5e00000,0x00000007b7480000)
 ParOldGen       total 182784K, used 86740K [0x00000006c0c00000, 0x00000006cbe80000, 0x000000076af00000)
  object space 182784K, 47% used [0x00000006c0c00000,0x00000006c60b5258,0x00000006cbe80000)
 Metaspace       used 123613K, capacity 128454K, committed 128640K, reserved 1165312K
  class space    used 11124K, capacity 12080K, committed 12160K, reserved 1048576K
Event: 3407.769 GC heap after
Heap after GC invocations=50 (full 16):
 PSYoungGen      total 1250816K, used 0K [0x000000076af00000, 0x00000007b8b00000, 0x00000007c0000000)
  eden space 1227776K, 0% used [0x000000076af00000,0x000000076af00000,0x00000007b5e00000)
  from space 23040K, 0% used [0x00000007b7480000,0x00000007b7480000,0x00000007b8b00000)
  to   space 23040K, 0% used [0x00000007b5e00000,0x00000007b5e00000,0x00000007b7480000)
 ParOldGen       total 182784K, used 91633K [0x00000006c0c00000, 0x00000006cbe80000, 0x000000076af00000)
  object space 182784K, 50% used [0x00000006c0c00000,0x00000006c657c538,0x00000006cbe80000)
 Metaspace       used 123149K, capacity 127718K, committed 128640K, reserved 1165312K
  class space    used 11055K, capacity 11955K, committed 12160K, reserved 1048576K
}

