# JRE version: Java(TM) SE Runtime Environment (8.0_65-b17) (build 1.8.0_65-b17)
# Java VM: Java HotSpot(TM) 64-Bit Server VM (25.65-b01 mixed mode windows-amd64 compressed oops)
Heap:
 PSYoungGen      total 270848K, used 210886K [0x000000076af00000, 0x000000077da80000, 0x00000007c0000000)
  eden space 252416K, 79% used [0x000000076af00000,0x000000077725de38,0x000000077a580000)
  from space 18432K, 58% used [0x000000077a580000,0x000000077b0139d8,0x000000077b780000)
  to   space 17408K, 0% used [0x000000077c980000,0x000000077c980000,0x000000077da80000)
 ParOldGen       total 206336K, used 60180K [0x00000006c0c00000, 0x00000006cd580000, 0x000000076af00000)
  object space 206336K, 29% used [0x00000006c0c00000,0x00000006c46c52a8,0x00000006cd580000)
 Metaspace       used 99350K, capacity 104469K, committed 104576K, reserved 1142784K
  class space    used 9718K, capacity 10562K, committed 10624K, reserved 1048576K
GC Heap History (10 events):
Event: 21850.213 GC heap before
{Heap before GC invocations=475 (full 9):
 PSYoungGen      total 249856K, used 241328K [0x000000076af00000, 0x000000077c580000, 0x00000007c0000000)
  eden space 231424K, 100% used [0x000000076af00000,0x0000000779100000,0x0000000779100000)
  from space 18432K, 53% used [0x0000000779100000,0x0000000779aac100,0x000000077a300000)
  to   space 17408K, 0% used [0x000000077b480000,0x000000077b480000,0x000000077c580000)
 ParOldGen       total 206336K, used 55055K [0x00000006c0c00000, 0x00000006cd580000, 0x000000076af00000)
  object space 206336K, 26% used [0x00000006c0c00000,0x00000006c41c3da8,0x00000006cd580000)
 Metaspace       used 93933K, capacity 98887K, committed 99072K, reserved 1138688K
  class space    used 9407K, capacity 10209K, committed 10240K, reserved 1048576K
Event: 21850.235 GC heap after
Heap after GC invocations=475 (full 9):
 PSYoungGen      total 266752K, used 14782K [0x000000076af00000, 0x000000077c980000, 0x00000007c0000000)
  eden space 249344K, 0% used [0x000000076af00000,0x000000076af00000,0x000000077a280000)
  from space 17408K, 84% used [0x000000077b480000,0x000000077c2efab8,0x000000077c580000)
  to   space 18432K, 0% used [0x000000077a280000,0x000000077a280000,0x000000077b480000)
 ParOldGen       total 206336K, used 55055K [0x00000006c0c00000, 0x00000006cd580000, 0x000000076af00000)
  object space 206336K, 26% used [0x00000006c0c00000,0x00000006c41c3da8,0x00000006cd580000)
 Metaspace       used 93933K, capacity 98887K, committed 99072K, reserved 1138688K
  class space    used 9407K, capacity 10209K, committed 10240K, reserved 1048576K
}
Event: 21867.973 GC heap before
{Heap before GC invocations=476 (full 9):
 PSYoungGen      total 266752K, used 52156K [0x000000076af00000, 0x000000077c980000, 0x00000007c0000000)
  eden space 249344K, 14% used [0x000000076af00000,0x000000076d37f628,0x000000077a280000)
  from space 17408K, 84% used [0x000000077b480000,0x000000077c2efab8,0x000000077c580000)
  to   space 18432K, 0% used [0x000000077a280000,0x000000077a280000,0x000000077b480000)
 ParOldGen       total 206336K, used 55055K [0x00000006c0c00000, 0x00000006cd580000, 0x000000076af00000)
  object space 206336K, 26% used [0x00000006c0c00000,0x00000006c41c3da8,0x00000006cd580000)
 Metaspace       used 94144K, capacity 99021K, committed 99072K, reserved 1138688K
  class space    used 9412K, capacity 10211K, committed 10240K, reserved 1048576K
Event: 21867.978 GC heap after
Heap after GC invocations=476 (full 9):
 PSYoungGen      total 267776K, used 12767K [0x000000076af00000, 0x000000077c980000, 0x00000007c0000000)
  eden space 249344K, 0% used [0x000000076af00000,0x000000076af00000,0x000000077a280000)
  from space 18432K, 69% used [0x000000077a280000,0x000000077aef7f80,0x000000077b480000)
  to   space 18432K, 0% used [0x000000077b780000,0x000000077b780000,0x000000077c980000)
 ParOldGen       total 206336K, used 55063K [0x00000006c0c00000, 0x00000006cd580000, 0x000000076af00000)
  object space 206336K, 26% used [0x00000006c0c00000,0x00000006c41c5da8,0x00000006cd580000)
 Metaspace       used 94144K, capacity 99021K, committed 99072K, reserved 1138688K
  class space    used 9412K, capacity 10211K, committed 10240K, reserved 1048576K
}
Event: 21867.978 GC heap before
{Heap before GC invocations=477 (full 10):
 PSYoungGen      total 267776K, used 12767K [0x000000076af00000, 0x000000077c980000, 0x00000007c0000000)
  eden space 249344K, 0% used [0x000000076af00000,0x000000076af00000,0x000000077a280000)
  from space 18432K, 69% used [0x000000077a280000,0x000000077aef7f80,0x000000077b480000)
  to   space 18432K, 0% used [0x000000077b780000,0x000000077b780000,0x000000077c980000)
 ParOldGen       total 206336K, used 55063K [0x00000006c0c00000, 0x00000006cd580000, 0x000000076af00000)
  object space 206336K, 26% used [0x00000006c0c00000,0x00000006c41c5da8,0x00000006cd580000)
 Metaspace       used 94144K, capacity 99021K, committed 99072K, reserved 1138688K
  class space    used 9412K, capacity 10211K, committed 10240K, reserved 1048576K
Event: 21868.207 GC heap after
Heap after GC invocations=477 (full 10):
 PSYoungGen      total 267776K, used 0K [0x000000076af00000, 0x000000077c980000, 0x00000007c0000000)
  eden space 249344K, 0% used [0x000000076af00000,0x000000076af00000,0x000000077a280000)
  from space 18432K, 0% used [0x000000077a280000,0x000000077a280000,0x000000077b480000)
  to   space 18432K, 0% used [0x000000077b780000,0x000000077b780000,0x000000077c980000)
 ParOldGen       total 206336K, used 60172K [0x00000006c0c00000, 0x00000006cd580000, 0x000000076af00000)
  object space 206336K, 29% used [0x00000006c0c00000,0x00000006c46c32a8,0x00000006cd580000)
 Metaspace       used 93689K, capacity 98295K, committed 99072K, reserved 1138688K
  class space    used 9345K, capacity 10088K, committed 10240K, reserved 1048576K
}
Event: 21871.324 GC heap before
{Heap before GC invocations=478 (full 10):
 PSYoungGen      total 267776K, used 249344K [0x000000076af00000, 0x000000077c980000, 0x00000007c0000000)
  eden space 249344K, 100% used [0x000000076af00000,0x000000077a280000,0x000000077a280000)
  from space 18432K, 0% used [0x000000077a280000,0x000000077a280000,0x000000077b480000)
  to   space 18432K, 0% used [0x000000077b780000,0x000000077b780000,0x000000077c980000)
 ParOldGen       total 206336K, used 60172K [0x00000006c0c00000, 0x00000006cd580000, 0x000000076af00000)
  object space 206336K, 29% used [0x00000006c0c00000,0x00000006c46c32a8,0x00000006cd580000)
 Metaspace       used 94799K, capacity 99513K, committed 100224K, reserved 1138688K
  class space    used 9460K, capacity 10215K, committed 10368K, reserved 1048576K
Event: 21871.329 GC heap after
Heap after GC invocations=478 (full 10):
 PSYoungGen      total 270848K, used 8223K [0x000000076af00000, 0x000000077da00000, 0x00000007c0000000)
  eden space 252416K, 0% used [0x000000076af00000,0x000000076af00000,0x000000077a580000)
  from space 18432K, 44% used [0x000000077b780000,0x000000077bf87fe8,0x000000077c980000)
  to   space 18432K, 0% used [0x000000077a580000,0x000000077a580000,0x000000077b780000)
 ParOldGen       total 206336K, used 60180K [0x00000006c0c00000, 0x00000006cd580000, 0x000000076af00000)
  object space 206336K, 29% used [0x00000006c0c00000,0x00000006c46c52a8,0x00000006cd580000)
 Metaspace       used 94799K, capacity 99513K, committed 100224K, reserved 1138688K
  class space    used 9460K, capacity 10215K, committed 10368K, reserved 1048576K
}
Event: 21872.365 GC heap before
{Heap before GC invocations=479 (full 10):
 PSYoungGen      total 270848K, used 260639K [0x000000076af00000, 0x000000077da00000, 0x00000007c0000000)
  eden space 252416K, 100% used [0x000000076af00000,0x000000077a580000,0x000000077a580000)
  from space 18432K, 44% used [0x000000077b780000,0x000000077bf87fe8,0x000000077c980000)
  to   space 18432K, 0% used [0x000000077a580000,0x000000077a580000,0x000000077b780000)
 ParOldGen       total 206336K, used 60180K [0x00000006c0c00000, 0x00000006cd580000, 0x000000076af00000)
  object space 206336K, 29% used [0x00000006c0c00000,0x00000006c46c52a8,0x00000006cd580000)
 Metaspace       used 97662K, capacity 102571K, committed 102912K, reserved 1142784K
  class space    used 9618K, capacity 10426K, committed 10496K, reserved 1048576K
Event: 21872.370 GC heap after
Heap after GC invocations=479 (full 10):
 PSYoungGen      total 270848K, used 10830K [0x000000076af00000, 0x000000077da80000, 0x00000007c0000000)
  eden space 252416K, 0% used [0x000000076af00000,0x000000076af00000,0x000000077a580000)
  from space 18432K, 58% used [0x000000077a580000,0x000000077b0139d8,0x000000077b780000)
  to   space 17408K, 0% used [0x000000077c980000,0x000000077c980000,0x000000077da80000)
 ParOldGen       total 206336K, used 60180K [0x00000006c0c00000, 0x00000006cd580000, 0x000000076af00000)
  object space 206336K, 29% used [0x00000006c0c00000,0x00000006c46c52a8,0x00000006cd580000)
 Metaspace       used 97662K, capacity 102571K, committed 102912K, reserved 1142784K
  class space    used 9618K, capacity 10426K, committed 10496K, reserved 1048576K
}

