# JRE version: Java(TM) SE Runtime Environment (8.0_65-b17) (build 1.8.0_65-b17)
# Java VM: Java HotSpot(TM) 64-Bit Server VM (25.65-b01 mixed mode windows-amd64 compressed oops)
Heap:
 PSYoungGen      total 387072K, used 9774K [0x000000076af00000, 0x0000000783780000, 0x00000007c0000000)
  eden space 372224K, 0% used [0x000000076af00000,0x000000076af00000,0x0000000781a80000)
  from space 14848K, 65% used [0x0000000782900000,0x000000078328ba88,0x0000000783780000)
  to   space 14848K, 0% used [0x0000000781a80000,0x0000000781a80000,0x0000000782900000)
 ParOldGen       total 218624K, used 116968K [0x00000006c0c00000, 0x00000006ce180000, 0x000000076af00000)
  object space 218624K, 53% used [0x00000006c0c00000,0x00000006c7e3a0e8,0x00000006ce180000)
 Metaspace       used 162348K, capacity 169666K, committed 169984K, reserved 1204224K
  class space    used 13597K, capacity 15019K, committed 15104K, reserved 1048576K
GC Heap History (10 events):
Event: 18596.301 GC heap after
Heap after GC invocations=261 (full 25):
 PSYoungGen      total 374784K, used 0K [0x000000076af00000, 0x0000000782b80000, 0x00000007c0000000)
  eden space 360960K, 0% used [0x000000076af00000,0x000000076af00000,0x0000000780f80000)
  from space 13824K, 0% used [0x0000000781e00000,0x0000000781e00000,0x0000000782b80000)
  to   space 14336K, 0% used [0x0000000780f80000,0x0000000780f80000,0x0000000781d80000)
 ParOldGen       total 218624K, used 116952K [0x00000006c0c00000, 0x00000006ce180000, 0x000000076af00000)
  object space 218624K, 53% used [0x00000006c0c00000,0x00000006c7e360e8,0x00000006ce180000)
 Metaspace       used 157451K, capacity 164432K, committed 165376K, reserved 1200128K
  class space    used 13283K, capacity 14643K, committed 14848K, reserved 1048576K
}
Event: 18601.989 GC heap before
{Heap before GC invocations=262 (full 25):
 PSYoungGen      total 374784K, used 360960K [0x000000076af00000, 0x0000000782b80000, 0x00000007c0000000)
  eden space 360960K, 100% used [0x000000076af00000,0x0000000780f80000,0x0000000780f80000)
  from space 13824K, 0% used [0x0000000781e00000,0x0000000781e00000,0x0000000782b80000)
  to   space 14336K, 0% used [0x0000000780f80000,0x0000000780f80000,0x0000000781d80000)
 ParOldGen       total 218624K, used 116952K [0x00000006c0c00000, 0x00000006ce180000, 0x000000076af00000)
  object space 218624K, 53% used [0x00000006c0c00000,0x00000006c7e360e8,0x00000006ce180000)
 Metaspace       used 158398K, capacity 165466K, committed 166272K, reserved 1200128K
  class space    used 13379K, capacity 14750K, committed 14976K, reserved 1048576K
Event: 18601.994 GC heap after
Heap after GC invocations=262 (full 25):
 PSYoungGen      total 375296K, used 9584K [0x000000076af00000, 0x0000000783300000, 0x00000007c0000000)
  eden space 360960K, 0% used [0x000000076af00000,0x000000076af00000,0x0000000780f80000)
  from space 14336K, 66% used [0x0000000780f80000,0x00000007818dc038,0x0000000781d80000)
  to   space 14336K, 0% used [0x0000000782500000,0x0000000782500000,0x0000000783300000)
 ParOldGen       total 218624K, used 116960K [0x00000006c0c00000, 0x00000006ce180000, 0x000000076af00000)
  object space 218624K, 53% used [0x00000006c0c00000,0x00000006c7e380e8,0x00000006ce180000)
 Metaspace       used 158398K, capacity 165466K, committed 166272K, reserved 1200128K
  class space    used 13379K, capacity 14750K, committed 14976K, reserved 1048576K
}
Event: 18686.397 GC heap before
{Heap before GC invocations=263 (full 25):
 PSYoungGen      total 375296K, used 370544K [0x000000076af00000, 0x0000000783300000, 0x00000007c0000000)
  eden space 360960K, 100% used [0x000000076af00000,0x0000000780f80000,0x0000000780f80000)
  from space 14336K, 66% used [0x0000000780f80000,0x00000007818dc038,0x0000000781d80000)
  to   space 14336K, 0% used [0x0000000782500000,0x0000000782500000,0x0000000783300000)
 ParOldGen       total 218624K, used 116960K [0x00000006c0c00000, 0x00000006ce180000, 0x000000076af00000)
  object space 218624K, 53% used [0x00000006c0c00000,0x00000006c7e380e8,0x00000006ce180000)
 Metaspace       used 162124K, capacity 169468K, committed 169728K, reserved 1204224K
  class space    used 13583K, capacity 15017K, committed 15104K, reserved 1048576K
Event: 18686.404 GC heap after
Heap after GC invocations=263 (full 25):
 PSYoungGen      total 380928K, used 12315K [0x000000076af00000, 0x0000000783280000, 0x00000007c0000000)
  eden space 367104K, 0% used [0x000000076af00000,0x000000076af00000,0x0000000781580000)
  from space 13824K, 89% used [0x0000000782500000,0x0000000783106e50,0x0000000783280000)
  to   space 14848K, 0% used [0x0000000781580000,0x0000000781580000,0x0000000782400000)
 ParOldGen       total 218624K, used 116960K [0x00000006c0c00000, 0x00000006ce180000, 0x000000076af00000)
  object space 218624K, 53% used [0x00000006c0c00000,0x00000006c7e380e8,0x00000006ce180000)
 Metaspace       used 162124K, capacity 169468K, committed 169728K, reserved 1204224K
  class space    used 13583K, capacity 15017K, committed 15104K, reserved 1048576K
}
Event: 18963.497 GC heap before
{Heap before GC invocations=264 (full 25):
 PSYoungGen      total 380928K, used 379419K [0x000000076af00000, 0x0000000783280000, 0x00000007c0000000)
  eden space 367104K, 100% used [0x000000076af00000,0x0000000781580000,0x0000000781580000)
  from space 13824K, 89% used [0x0000000782500000,0x0000000783106e50,0x0000000783280000)
  to   space 14848K, 0% used [0x0000000781580000,0x0000000781580000,0x0000000782400000)
 ParOldGen       total 218624K, used 116960K [0x00000006c0c00000, 0x00000006ce180000, 0x000000076af00000)
  object space 218624K, 53% used [0x00000006c0c00000,0x00000006c7e380e8,0x00000006ce180000)
 Metaspace       used 162124K, capacity 169468K, committed 169728K, reserved 1204224K
  class space    used 13583K, capacity 15017K, committed 15104K, reserved 1048576K
Event: 18963.503 GC heap after
Heap after GC invocations=264 (full 25):
 PSYoungGen      total 381952K, used 12350K [0x000000076af00000, 0x0000000783780000, 0x00000007c0000000)
  eden space 367104K, 0% used [0x000000076af00000,0x000000076af00000,0x0000000781580000)
  from space 14848K, 83% used [0x0000000781580000,0x000000078218faa8,0x0000000782400000)
  to   space 14848K, 0% used [0x0000000782900000,0x0000000782900000,0x0000000783780000)
 ParOldGen       total 218624K, used 116968K [0x00000006c0c00000, 0x00000006ce180000, 0x000000076af00000)
  object space 218624K, 53% used [0x00000006c0c00000,0x00000006c7e3a0e8,0x00000006ce180000)
 Metaspace       used 162124K, capacity 169468K, committed 169728K, reserved 1204224K
  class space    used 13583K, capacity 15017K, committed 15104K, reserved 1048576K
}
Event: 19130.342 GC heap before
{Heap before GC invocations=265 (full 25):
 PSYoungGen      total 381952K, used 242181K [0x000000076af00000, 0x0000000783780000, 0x00000007c0000000)
  eden space 367104K, 62% used [0x000000076af00000,0x0000000778f71c58,0x0000000781580000)
  from space 14848K, 83% used [0x0000000781580000,0x000000078218faa8,0x0000000782400000)
  to   space 14848K, 0% used [0x0000000782900000,0x0000000782900000,0x0000000783780000)
 ParOldGen       total 218624K, used 116968K [0x00000006c0c00000, 0x00000006ce180000, 0x000000076af00000)
  object space 218624K, 53% used [0x00000006c0c00000,0x00000006c7e3a0e8,0x00000006ce180000)
 Metaspace       used 162348K, capacity 169666K, committed 169984K, reserved 1204224K
  class space    used 13597K, capacity 15019K, committed 15104K, reserved 1048576K
Event: 19130.347 GC heap after
Heap after GC invocations=265 (full 25):
 PSYoungGen      total 387072K, used 9774K [0x000000076af00000, 0x0000000783780000, 0x00000007c0000000)
  eden space 372224K, 0% used [0x000000076af00000,0x000000076af00000,0x0000000781a80000)
  from space 14848K, 65% used [0x0000000782900000,0x000000078328ba88,0x0000000783780000)
  to   space 14848K, 0% used [0x0000000781a80000,0x0000000781a80000,0x0000000782900000)
 ParOldGen       total 218624K, used 116968K [0x00000006c0c00000, 0x00000006ce180000, 0x000000076af00000)
  object space 218624K, 53% used [0x00000006c0c00000,0x00000006c7e3a0e8,0x00000006ce180000)
 Metaspace       used 162348K, capacity 169666K, committed 169984K, reserved 1204224K
  class space    used 13597K, capacity 15019K, committed 15104K, reserved 1048576K
}
Event: 19130.347 GC heap before
{Heap before GC invocations=266 (full 26):
 PSYoungGen      total 387072K, used 9774K [0x000000076af00000, 0x0000000783780000, 0x00000007c0000000)
  eden space 372224K, 0% used [0x000000076af00000,0x000000076af00000,0x0000000781a80000)
  from space 14848K, 65% used [0x0000000782900000,0x000000078328ba88,0x0000000783780000)
  to   space 14848K, 0% used [0x0000000781a80000,0x0000000781a80000,0x0000000782900000)
 ParOldGen       total 218624K, used 116968K [0x00000006c0c00000, 0x00000006ce180000, 0x000000076af00000)
  object space 218624K, 53% used [0x00000006c0c00000,0x00000006c7e3a0e8,0x00000006ce180000)
 Metaspace       used 162348K, capacity 169666K, committed 169984K, reserved 1204224K
  class space    used 13597K, capacity 15019K, committed 15104K, reserved 1048576K

