# JRE version: Java(TM) SE Runtime Environment (8.0_65-b17) (build 1.8.0_65-b17)
# Java VM: Java HotSpot(TM) 64-Bit Server VM (25.65-b01 mixed mode windows-amd64 compressed oops)
Heap:
 PSYoungGen      total 588800K, used 284159K [0x000000076af00000, 0x0000000791e00000, 0x00000007c0000000)
  eden space 579072K, 47% used [0x000000076af00000,0x000000077baffdd8,0x000000078e480000)
  from space 9728K, 99% used [0x0000000791480000,0x0000000791dffff0,0x0000000791e00000)
  to   space 17408K, 0% used [0x000000078fc00000,0x000000078fc00000,0x0000000790d00000)
 ParOldGen       total 184832K, used 108107K [0x00000006c0c00000, 0x00000006cc080000, 0x000000076af00000)
  object space 184832K, 58% used [0x00000006c0c00000,0x00000006c7592cf0,0x00000006cc080000)
 Metaspace       used 139923K, capacity 146134K, committed 146432K, reserved 1181696K
  class space    used 12275K, capacity 13470K, committed 13568K, reserved 1048576K
GC Heap History (10 events):
Event: 2972.278 GC heap before
{Heap before GC invocations=73 (full 22):
 PSYoungGen      total 602624K, used 8908K [0x000000076af00000, 0x0000000792a80000, 0x00000007c0000000)
  eden space 593408K, 0% used [0x000000076af00000,0x000000076af00000,0x000000078f280000)
  from space 9216K, 96% used [0x0000000791480000,0x0000000791d333c0,0x0000000791d80000)
  to   space 13312K, 0% used [0x0000000791d80000,0x0000000791d80000,0x0000000792a80000)
 ParOldGen       total 184832K, used 94495K [0x00000006c0c00000, 0x00000006cc080000, 0x000000076af00000)
  object space 184832K, 51% used [0x00000006c0c00000,0x00000006c6847f40,0x00000006cc080000)
 Metaspace       used 131646K, capacity 137652K, committed 137856K, reserved 1173504K
  class space    used 11800K, capacity 12900K, committed 12928K, reserved 1048576K
Event: 2972.433 GC heap after
Heap after GC invocations=73 (full 22):
 PSYoungGen      total 602624K, used 0K [0x000000076af00000, 0x0000000792a80000, 0x00000007c0000000)
  eden space 593408K, 0% used [0x000000076af00000,0x000000076af00000,0x000000078f280000)
  from space 9216K, 0% used [0x0000000791480000,0x0000000791480000,0x0000000791d80000)
  to   space 13312K, 0% used [0x0000000791d80000,0x0000000791d80000,0x0000000792a80000)
 ParOldGen       total 184832K, used 96810K [0x00000006c0c00000, 0x00000006cc080000, 0x000000076af00000)
  object space 184832K, 52% used [0x00000006c0c00000,0x00000006c6a8aac8,0x00000006cc080000)
 Metaspace       used 131365K, capacity 137202K, committed 137856K, reserved 1173504K
  class space    used 11759K, capacity 12824K, committed 12928K, reserved 1048576K
}
Event: 2993.667 GC heap before
{Heap before GC invocations=74 (full 22):
 PSYoungGen      total 602624K, used 593408K [0x000000076af00000, 0x0000000792a80000, 0x00000007c0000000)
  eden space 593408K, 100% used [0x000000076af00000,0x000000078f280000,0x000000078f280000)
  from space 9216K, 0% used [0x0000000791480000,0x0000000791480000,0x0000000791d80000)
  to   space 13312K, 0% used [0x0000000791d80000,0x0000000791d80000,0x0000000792a80000)
 ParOldGen       total 184832K, used 96810K [0x00000006c0c00000, 0x00000006cc080000, 0x000000076af00000)
  object space 184832K, 52% used [0x00000006c0c00000,0x00000006c6a8aac8,0x00000006cc080000)
 Metaspace       used 135335K, capacity 141458K, committed 141696K, reserved 1177600K
  class space    used 12011K, capacity 13149K, committed 13184K, reserved 1048576K
Event: 2993.675 GC heap after
Heap after GC invocations=74 (full 22):
 PSYoungGen      total 583168K, used 13295K [0x000000076af00000, 0x0000000792a80000, 0x00000007c0000000)
  eden space 569856K, 0% used [0x000000076af00000,0x000000076af00000,0x000000078db80000)
  from space 13312K, 99% used [0x0000000791d80000,0x0000000792a7bf00,0x0000000792a80000)
  to   space 16896K, 0% used [0x0000000790980000,0x0000000790980000,0x0000000791a00000)
 ParOldGen       total 184832K, used 97355K [0x00000006c0c00000, 0x00000006cc080000, 0x000000076af00000)
  object space 184832K, 52% used [0x00000006c0c00000,0x00000006c6b12f88,0x00000006cc080000)
 Metaspace       used 135335K, capacity 141458K, committed 141696K, reserved 1177600K
  class space    used 12011K, capacity 13149K, committed 13184K, reserved 1048576K
}
Event: 3046.710 GC heap before
{Heap before GC invocations=75 (full 22):
 PSYoungGen      total 583168K, used 199138K [0x000000076af00000, 0x0000000792a80000, 0x00000007c0000000)
  eden space 569856K, 32% used [0x000000076af00000,0x000000077647caa0,0x000000078db80000)
  from space 13312K, 99% used [0x0000000791d80000,0x0000000792a7bf00,0x0000000792a80000)
  to   space 16896K, 0% used [0x0000000790980000,0x0000000790980000,0x0000000791a00000)
 ParOldGen       total 184832K, used 97355K [0x00000006c0c00000, 0x00000006cc080000, 0x000000076af00000)
  object space 184832K, 52% used [0x00000006c0c00000,0x00000006c6b12f88,0x00000006cc080000)
 Metaspace       used 135833K, capacity 141896K, committed 142080K, reserved 1177600K
  class space    used 12040K, capacity 13186K, committed 13312K, reserved 1048576K
Event: 3046.716 GC heap after
Heap after GC invocations=75 (full 22):
 PSYoungGen      total 581120K, used 11214K [0x000000076af00000, 0x0000000791e00000, 0x00000007c0000000)
  eden space 569856K, 0% used [0x000000076af00000,0x000000076af00000,0x000000078db80000)
  from space 11264K, 99% used [0x0000000790980000,0x0000000791473b80,0x0000000791480000)
  to   space 9728K, 0% used [0x0000000791480000,0x0000000791480000,0x0000000791e00000)
 ParOldGen       total 184832K, used 97363K [0x00000006c0c00000, 0x00000006cc080000, 0x000000076af00000)
  object space 184832K, 52% used [0x00000006c0c00000,0x00000006c6b14f88,0x00000006cc080000)
 Metaspace       used 135833K, capacity 141896K, committed 142080K, reserved 1177600K
  class space    used 12040K, capacity 13186K, committed 13312K, reserved 1048576K
}
Event: 3046.716 GC heap before
{Heap before GC invocations=76 (full 23):
 PSYoungGen      total 581120K, used 11214K [0x000000076af00000, 0x0000000791e00000, 0x00000007c0000000)
  eden space 569856K, 0% used [0x000000076af00000,0x000000076af00000,0x000000078db80000)
  from space 11264K, 99% used [0x0000000790980000,0x0000000791473b80,0x0000000791480000)
  to   space 9728K, 0% used [0x0000000791480000,0x0000000791480000,0x0000000791e00000)
 ParOldGen       total 184832K, used 97363K [0x00000006c0c00000, 0x00000006cc080000, 0x000000076af00000)
  object space 184832K, 52% used [0x00000006c0c00000,0x00000006c6b14f88,0x00000006cc080000)
 Metaspace       used 135833K, capacity 141896K, committed 142080K, reserved 1177600K
  class space    used 12040K, capacity 13186K, committed 13312K, reserved 1048576K
Event: 3047.027 GC heap after
Heap after GC invocations=76 (full 23):
 PSYoungGen      total 581120K, used 0K [0x000000076af00000, 0x0000000791e00000, 0x00000007c0000000)
  eden space 569856K, 0% used [0x000000076af00000,0x000000076af00000,0x000000078db80000)
  from space 11264K, 0% used [0x0000000790980000,0x0000000790980000,0x0000000791480000)
  to   space 9728K, 0% used [0x0000000791480000,0x0000000791480000,0x0000000791e00000)
 ParOldGen       total 184832K, used 102755K [0x00000006c0c00000, 0x00000006cc080000, 0x000000076af00000)
  object space 184832K, 55% used [0x00000006c0c00000,0x00000006c7058cb8,0x00000006cc080000)
 Metaspace       used 135552K, capacity 141446K, committed 142080K, reserved 1177600K
  class space    used 11999K, capacity 13110K, committed 13312K, reserved 1048576K
}
Event: 3053.040 GC heap before
{Heap before GC invocations=77 (full 23):
 PSYoungGen      total 581120K, used 569856K [0x000000076af00000, 0x0000000791e00000, 0x00000007c0000000)
  eden space 569856K, 100% used [0x000000076af00000,0x000000078db80000,0x000000078db80000)
  from space 11264K, 0% used [0x0000000790980000,0x0000000790980000,0x0000000791480000)
  to   space 9728K, 0% used [0x0000000791480000,0x0000000791480000,0x0000000791e00000)
 ParOldGen       total 184832K, used 102755K [0x00000006c0c00000, 0x00000006cc080000, 0x000000076af00000)
  object space 184832K, 55% used [0x00000006c0c00000,0x00000006c7058cb8,0x00000006cc080000)
 Metaspace       used 139513K, capacity 145766K, committed 145792K, reserved 1181696K
  class space    used 12250K, capacity 13435K, committed 13440K, reserved 1048576K
Event: 3053.049 GC heap after
Heap after GC invocations=77 (full 23):
 PSYoungGen      total 588800K, used 9727K [0x000000076af00000, 0x0000000791e00000, 0x00000007c0000000)
  eden space 579072K, 0% used [0x000000076af00000,0x000000076af00000,0x000000078e480000)
  from space 9728K, 99% used [0x0000000791480000,0x0000000791dffff0,0x0000000791e00000)
  to   space 17408K, 0% used [0x000000078fc00000,0x000000078fc00000,0x0000000790d00000)
 ParOldGen       total 184832K, used 108107K [0x00000006c0c00000, 0x00000006cc080000, 0x000000076af00000)
  object space 184832K, 58% used [0x00000006c0c00000,0x00000006c7592cf0,0x00000006cc080000)
 Metaspace       used 139513K, capacity 145766K, committed 145792K, reserved 1181696K
  class space    used 12250K, capacity 13435K, committed 13440K, reserved 1048576K
}

